Determining if the function __android_log_print exists in the log failed with the following output:
Change Dir: /home/santi/repos/chunchunmaru/Libraries/openal-soft/build/CMakeFiles/CMakeTmp

Run Build Command:"/usr/bin/make" "cmTC_f4e47/fast"
make[1]: Entering directory '/home/santi/repos/chunchunmaru/Libraries/openal-soft/build/CMakeFiles/CMakeTmp'
/usr/bin/make -f CMakeFiles/cmTC_f4e47.dir/build.make CMakeFiles/cmTC_f4e47.dir/build
make[2]: Entering directory '/home/santi/repos/chunchunmaru/Libraries/openal-soft/build/CMakeFiles/CMakeTmp'
Building C object CMakeFiles/cmTC_f4e47.dir/CheckFunctionExists.c.o
/usr/bin/cc   -DCHECK_FUNCTION_EXISTS=__android_log_print   -o CMakeFiles/cmTC_f4e47.dir/CheckFunctionExists.c.o   -c /usr/share/cmake-3.10/Modules/CheckFunctionExists.c
Linking C executable cmTC_f4e47
/usr/bin/cmake -E cmake_link_script CMakeFiles/cmTC_f4e47.dir/link.txt --verbose=1
/usr/bin/cc  -DCHECK_FUNCTION_EXISTS=__android_log_print    -rdynamic CMakeFiles/cmTC_f4e47.dir/CheckFunctionExists.c.o  -o cmTC_f4e47 -llog -latomic 
/usr/bin/ld: cannot find -llog
collect2: error: ld returned 1 exit status
CMakeFiles/cmTC_f4e47.dir/build.make:97: recipe for target 'cmTC_f4e47' failed
make[2]: *** [cmTC_f4e47] Error 1
make[2]: Leaving directory '/home/santi/repos/chunchunmaru/Libraries/openal-soft/build/CMakeFiles/CMakeTmp'
Makefile:126: recipe for target 'cmTC_f4e47/fast' failed
make[1]: *** [cmTC_f4e47/fast] Error 2
make[1]: Leaving directory '/home/santi/repos/chunchunmaru/Libraries/openal-soft/build/CMakeFiles/CMakeTmp'


Performing C SOURCE FILE Test HAVE_MFPU_NEON_SWITCH failed with the following output:
Change Dir: /home/santi/repos/chunchunmaru/Libraries/openal-soft/build/CMakeFiles/CMakeTmp

Run Build Command:"/usr/bin/make" "cmTC_f04bd/fast"
make[1]: Entering directory '/home/santi/repos/chunchunmaru/Libraries/openal-soft/build/CMakeFiles/CMakeTmp'
/usr/bin/make -f CMakeFiles/cmTC_f04bd.dir/build.make CMakeFiles/cmTC_f04bd.dir/build
make[2]: Entering directory '/home/santi/repos/chunchunmaru/Libraries/openal-soft/build/CMakeFiles/CMakeTmp'
Building C object CMakeFiles/cmTC_f04bd.dir/src.c.o
/usr/bin/cc   -DHAVE_MFPU_NEON_SWITCH   -mfpu=neon -o CMakeFiles/cmTC_f04bd.dir/src.c.o   -c /home/santi/repos/chunchunmaru/Libraries/openal-soft/build/CMakeFiles/CMakeTmp/src.c
cc: error: unrecognized command line option '-mfpu=neon'
CMakeFiles/cmTC_f04bd.dir/build.make:65: recipe for target 'CMakeFiles/cmTC_f04bd.dir/src.c.o' failed
make[2]: *** [CMakeFiles/cmTC_f04bd.dir/src.c.o] Error 1
make[2]: Leaving directory '/home/santi/repos/chunchunmaru/Libraries/openal-soft/build/CMakeFiles/CMakeTmp'
Makefile:126: recipe for target 'cmTC_f04bd/fast' failed
make[1]: *** [cmTC_f04bd/fast] Error 2
make[1]: Leaving directory '/home/santi/repos/chunchunmaru/Libraries/openal-soft/build/CMakeFiles/CMakeTmp'

Source file was:
int main(void) { return 0; }
Determining if the include file arm_neon.h exists failed with the following output:
Change Dir: /home/santi/repos/chunchunmaru/Libraries/openal-soft/build/CMakeFiles/CMakeTmp

Run Build Command:"/usr/bin/make" "cmTC_d25fd/fast"
make[1]: Entering directory '/home/santi/repos/chunchunmaru/Libraries/openal-soft/build/CMakeFiles/CMakeTmp'
/usr/bin/make -f CMakeFiles/cmTC_d25fd.dir/build.make CMakeFiles/cmTC_d25fd.dir/build
make[2]: Entering directory '/home/santi/repos/chunchunmaru/Libraries/openal-soft/build/CMakeFiles/CMakeTmp'
Building C object CMakeFiles/cmTC_d25fd.dir/CheckIncludeFile.c.o
/usr/bin/cc    -o CMakeFiles/cmTC_d25fd.dir/CheckIncludeFile.c.o   -c /home/santi/repos/chunchunmaru/Libraries/openal-soft/build/CMakeFiles/CMakeTmp/CheckIncludeFile.c
/home/santi/repos/chunchunmaru/Libraries/openal-soft/build/CMakeFiles/CMakeTmp/CheckIncludeFile.c:1:10: fatal error: arm_neon.h: No such file or directory
 #include <arm_neon.h>
          ^~~~~~~~~~~~
compilation terminated.
CMakeFiles/cmTC_d25fd.dir/build.make:65: recipe for target 'CMakeFiles/cmTC_d25fd.dir/CheckIncludeFile.c.o' failed
make[2]: *** [CMakeFiles/cmTC_d25fd.dir/CheckIncludeFile.c.o] Error 1
make[2]: Leaving directory '/home/santi/repos/chunchunmaru/Libraries/openal-soft/build/CMakeFiles/CMakeTmp'
Makefile:126: recipe for target 'cmTC_d25fd/fast' failed
make[1]: *** [cmTC_d25fd/fast] Error 2
make[1]: Leaving directory '/home/santi/repos/chunchunmaru/Libraries/openal-soft/build/CMakeFiles/CMakeTmp'


Determining if the include file intrin.h exists failed with the following output:
Change Dir: /home/santi/repos/chunchunmaru/Libraries/openal-soft/build/CMakeFiles/CMakeTmp

Run Build Command:"/usr/bin/make" "cmTC_1a7f3/fast"
make[1]: Entering directory '/home/santi/repos/chunchunmaru/Libraries/openal-soft/build/CMakeFiles/CMakeTmp'
/usr/bin/make -f CMakeFiles/cmTC_1a7f3.dir/build.make CMakeFiles/cmTC_1a7f3.dir/build
make[2]: Entering directory '/home/santi/repos/chunchunmaru/Libraries/openal-soft/build/CMakeFiles/CMakeTmp'
Building C object CMakeFiles/cmTC_1a7f3.dir/CheckIncludeFile.c.o
/usr/bin/cc    -o CMakeFiles/cmTC_1a7f3.dir/CheckIncludeFile.c.o   -c /home/santi/repos/chunchunmaru/Libraries/openal-soft/build/CMakeFiles/CMakeTmp/CheckIncludeFile.c
/home/santi/repos/chunchunmaru/Libraries/openal-soft/build/CMakeFiles/CMakeTmp/CheckIncludeFile.c:1:10: fatal error: intrin.h: No such file or directory
 #include <intrin.h>
          ^~~~~~~~~~
compilation terminated.
CMakeFiles/cmTC_1a7f3.dir/build.make:65: recipe for target 'CMakeFiles/cmTC_1a7f3.dir/CheckIncludeFile.c.o' failed
make[2]: *** [CMakeFiles/cmTC_1a7f3.dir/CheckIncludeFile.c.o] Error 1
make[2]: Leaving directory '/home/santi/repos/chunchunmaru/Libraries/openal-soft/build/CMakeFiles/CMakeTmp'
Makefile:126: recipe for target 'cmTC_1a7f3/fast' failed
make[1]: *** [cmTC_1a7f3/fast] Error 2
make[1]: Leaving directory '/home/santi/repos/chunchunmaru/Libraries/openal-soft/build/CMakeFiles/CMakeTmp'


Determining if the include file sys/sysconf.h exists failed with the following output:
Change Dir: /home/santi/repos/chunchunmaru/Libraries/openal-soft/build/CMakeFiles/CMakeTmp

Run Build Command:"/usr/bin/make" "cmTC_2e71b/fast"
make[1]: Entering directory '/home/santi/repos/chunchunmaru/Libraries/openal-soft/build/CMakeFiles/CMakeTmp'
/usr/bin/make -f CMakeFiles/cmTC_2e71b.dir/build.make CMakeFiles/cmTC_2e71b.dir/build
make[2]: Entering directory '/home/santi/repos/chunchunmaru/Libraries/openal-soft/build/CMakeFiles/CMakeTmp'
Building C object CMakeFiles/cmTC_2e71b.dir/CheckIncludeFile.c.o
/usr/bin/cc    -o CMakeFiles/cmTC_2e71b.dir/CheckIncludeFile.c.o   -c /home/santi/repos/chunchunmaru/Libraries/openal-soft/build/CMakeFiles/CMakeTmp/CheckIncludeFile.c
/home/santi/repos/chunchunmaru/Libraries/openal-soft/build/CMakeFiles/CMakeTmp/CheckIncludeFile.c:1:10: fatal error: sys/sysconf.h: No such file or directory
 #include <sys/sysconf.h>
          ^~~~~~~~~~~~~~~
compilation terminated.
CMakeFiles/cmTC_2e71b.dir/build.make:65: recipe for target 'CMakeFiles/cmTC_2e71b.dir/CheckIncludeFile.c.o' failed
make[2]: *** [CMakeFiles/cmTC_2e71b.dir/CheckIncludeFile.c.o] Error 1
make[2]: Leaving directory '/home/santi/repos/chunchunmaru/Libraries/openal-soft/build/CMakeFiles/CMakeTmp'
Makefile:126: recipe for target 'cmTC_2e71b/fast' failed
make[1]: *** [cmTC_2e71b/fast] Error 2
make[1]: Leaving directory '/home/santi/repos/chunchunmaru/Libraries/openal-soft/build/CMakeFiles/CMakeTmp'


Determining if the include file guiddef.h exists failed with the following output:
Change Dir: /home/santi/repos/chunchunmaru/Libraries/openal-soft/build/CMakeFiles/CMakeTmp

Run Build Command:"/usr/bin/make" "cmTC_051bc/fast"
make[1]: Entering directory '/home/santi/repos/chunchunmaru/Libraries/openal-soft/build/CMakeFiles/CMakeTmp'
/usr/bin/make -f CMakeFiles/cmTC_051bc.dir/build.make CMakeFiles/cmTC_051bc.dir/build
make[2]: Entering directory '/home/santi/repos/chunchunmaru/Libraries/openal-soft/build/CMakeFiles/CMakeTmp'
Building C object CMakeFiles/cmTC_051bc.dir/CheckIncludeFile.c.o
/usr/bin/cc    -o CMakeFiles/cmTC_051bc.dir/CheckIncludeFile.c.o   -c /home/santi/repos/chunchunmaru/Libraries/openal-soft/build/CMakeFiles/CMakeTmp/CheckIncludeFile.c
/home/santi/repos/chunchunmaru/Libraries/openal-soft/build/CMakeFiles/CMakeTmp/CheckIncludeFile.c:1:10: fatal error: guiddef.h: No such file or directory
 #include <guiddef.h>
          ^~~~~~~~~~~
compilation terminated.
CMakeFiles/cmTC_051bc.dir/build.make:65: recipe for target 'CMakeFiles/cmTC_051bc.dir/CheckIncludeFile.c.o' failed
make[2]: *** [CMakeFiles/cmTC_051bc.dir/CheckIncludeFile.c.o] Error 1
make[2]: Leaving directory '/home/santi/repos/chunchunmaru/Libraries/openal-soft/build/CMakeFiles/CMakeTmp'
Makefile:126: recipe for target 'cmTC_051bc/fast' failed
make[1]: *** [cmTC_051bc/fast] Error 2
make[1]: Leaving directory '/home/santi/repos/chunchunmaru/Libraries/openal-soft/build/CMakeFiles/CMakeTmp'


Determining if the include file initguid.h exists failed with the following output:
Change Dir: /home/santi/repos/chunchunmaru/Libraries/openal-soft/build/CMakeFiles/CMakeTmp

Run Build Command:"/usr/bin/make" "cmTC_7004a/fast"
make[1]: Entering directory '/home/santi/repos/chunchunmaru/Libraries/openal-soft/build/CMakeFiles/CMakeTmp'
/usr/bin/make -f CMakeFiles/cmTC_7004a.dir/build.make CMakeFiles/cmTC_7004a.dir/build
make[2]: Entering directory '/home/santi/repos/chunchunmaru/Libraries/openal-soft/build/CMakeFiles/CMakeTmp'
Building C object CMakeFiles/cmTC_7004a.dir/CheckIncludeFile.c.o
/usr/bin/cc    -o CMakeFiles/cmTC_7004a.dir/CheckIncludeFile.c.o   -c /home/santi/repos/chunchunmaru/Libraries/openal-soft/build/CMakeFiles/CMakeTmp/CheckIncludeFile.c
/home/santi/repos/chunchunmaru/Libraries/openal-soft/build/CMakeFiles/CMakeTmp/CheckIncludeFile.c:1:10: fatal error: initguid.h: No such file or directory
 #include <initguid.h>
          ^~~~~~~~~~~~
compilation terminated.
CMakeFiles/cmTC_7004a.dir/build.make:65: recipe for target 'CMakeFiles/cmTC_7004a.dir/CheckIncludeFile.c.o' failed
make[2]: *** [CMakeFiles/cmTC_7004a.dir/CheckIncludeFile.c.o] Error 1
make[2]: Leaving directory '/home/santi/repos/chunchunmaru/Libraries/openal-soft/build/CMakeFiles/CMakeTmp'
Makefile:126: recipe for target 'cmTC_7004a/fast' failed
make[1]: *** [cmTC_7004a/fast] Error 2
make[1]: Leaving directory '/home/santi/repos/chunchunmaru/Libraries/openal-soft/build/CMakeFiles/CMakeTmp'


Determining if the _aligned_malloc exist failed with the following output:
Change Dir: /home/santi/repos/chunchunmaru/Libraries/openal-soft/build/CMakeFiles/CMakeTmp

Run Build Command:"/usr/bin/make" "cmTC_8ae24/fast"
make[1]: Entering directory '/home/santi/repos/chunchunmaru/Libraries/openal-soft/build/CMakeFiles/CMakeTmp'
/usr/bin/make -f CMakeFiles/cmTC_8ae24.dir/build.make CMakeFiles/cmTC_8ae24.dir/build
make[2]: Entering directory '/home/santi/repos/chunchunmaru/Libraries/openal-soft/build/CMakeFiles/CMakeTmp'
Building C object CMakeFiles/cmTC_8ae24.dir/CheckSymbolExists.c.o
/usr/bin/cc    -o CMakeFiles/cmTC_8ae24.dir/CheckSymbolExists.c.o   -c /home/santi/repos/chunchunmaru/Libraries/openal-soft/build/CMakeFiles/CMakeTmp/CheckSymbolExists.c
/home/santi/repos/chunchunmaru/Libraries/openal-soft/build/CMakeFiles/CMakeTmp/CheckSymbolExists.c: In function ‘main’:
/home/santi/repos/chunchunmaru/Libraries/openal-soft/build/CMakeFiles/CMakeTmp/CheckSymbolExists.c:8:19: error: ‘_aligned_malloc’ undeclared (first use in this function); did you mean ‘__builtin_malloc’?
   return ((int*)(&_aligned_malloc))[argc];
                   ^~~~~~~~~~~~~~~
                   __builtin_malloc
/home/santi/repos/chunchunmaru/Libraries/openal-soft/build/CMakeFiles/CMakeTmp/CheckSymbolExists.c:8:19: note: each undeclared identifier is reported only once for each function it appears in
CMakeFiles/cmTC_8ae24.dir/build.make:65: recipe for target 'CMakeFiles/cmTC_8ae24.dir/CheckSymbolExists.c.o' failed
make[2]: *** [CMakeFiles/cmTC_8ae24.dir/CheckSymbolExists.c.o] Error 1
make[2]: Leaving directory '/home/santi/repos/chunchunmaru/Libraries/openal-soft/build/CMakeFiles/CMakeTmp'
Makefile:126: recipe for target 'cmTC_8ae24/fast' failed
make[1]: *** [cmTC_8ae24/fast] Error 2
make[1]: Leaving directory '/home/santi/repos/chunchunmaru/Libraries/openal-soft/build/CMakeFiles/CMakeTmp'

File /home/santi/repos/chunchunmaru/Libraries/openal-soft/build/CMakeFiles/CMakeTmp/CheckSymbolExists.c:
/* */
#include <malloc.h>

int main(int argc, char** argv)
{
  (void)argv;
#ifndef _aligned_malloc
  return ((int*)(&_aligned_malloc))[argc];
#else
  (void)argc;
  return 0;
#endif
}

Determining if the proc_pidpath exist failed with the following output:
Change Dir: /home/santi/repos/chunchunmaru/Libraries/openal-soft/build/CMakeFiles/CMakeTmp

Run Build Command:"/usr/bin/make" "cmTC_72bc2/fast"
make[1]: Entering directory '/home/santi/repos/chunchunmaru/Libraries/openal-soft/build/CMakeFiles/CMakeTmp'
/usr/bin/make -f CMakeFiles/cmTC_72bc2.dir/build.make CMakeFiles/cmTC_72bc2.dir/build
make[2]: Entering directory '/home/santi/repos/chunchunmaru/Libraries/openal-soft/build/CMakeFiles/CMakeTmp'
Building C object CMakeFiles/cmTC_72bc2.dir/CheckSymbolExists.c.o
/usr/bin/cc    -o CMakeFiles/cmTC_72bc2.dir/CheckSymbolExists.c.o   -c /home/santi/repos/chunchunmaru/Libraries/openal-soft/build/CMakeFiles/CMakeTmp/CheckSymbolExists.c
/home/santi/repos/chunchunmaru/Libraries/openal-soft/build/CMakeFiles/CMakeTmp/CheckSymbolExists.c:2:10: fatal error: libproc.h: No such file or directory
 #include <libproc.h>
          ^~~~~~~~~~~
compilation terminated.
CMakeFiles/cmTC_72bc2.dir/build.make:65: recipe for target 'CMakeFiles/cmTC_72bc2.dir/CheckSymbolExists.c.o' failed
make[2]: *** [CMakeFiles/cmTC_72bc2.dir/CheckSymbolExists.c.o] Error 1
make[2]: Leaving directory '/home/santi/repos/chunchunmaru/Libraries/openal-soft/build/CMakeFiles/CMakeTmp'
Makefile:126: recipe for target 'cmTC_72bc2/fast' failed
make[1]: *** [cmTC_72bc2/fast] Error 2
make[1]: Leaving directory '/home/santi/repos/chunchunmaru/Libraries/openal-soft/build/CMakeFiles/CMakeTmp'

File /home/santi/repos/chunchunmaru/Libraries/openal-soft/build/CMakeFiles/CMakeTmp/CheckSymbolExists.c:
/* */
#include <libproc.h>

int main(int argc, char** argv)
{
  (void)argv;
#ifndef proc_pidpath
  return ((int*)(&proc_pidpath))[argc];
#else
  (void)argc;
  return 0;
#endif
}

Determining if files pthread.h;pthread_np.h exist failed with the following output:
Change Dir: /home/santi/repos/chunchunmaru/Libraries/openal-soft/build/CMakeFiles/CMakeTmp

Run Build Command:"/usr/bin/make" "cmTC_e4526/fast"
make[1]: Entering directory '/home/santi/repos/chunchunmaru/Libraries/openal-soft/build/CMakeFiles/CMakeTmp'
/usr/bin/make -f CMakeFiles/cmTC_e4526.dir/build.make CMakeFiles/cmTC_e4526.dir/build
make[2]: Entering directory '/home/santi/repos/chunchunmaru/Libraries/openal-soft/build/CMakeFiles/CMakeTmp'
Building C object CMakeFiles/cmTC_e4526.dir/CheckIncludeFiles.c.o
/usr/bin/cc   -pthread   -o CMakeFiles/cmTC_e4526.dir/CheckIncludeFiles.c.o   -c /home/santi/repos/chunchunmaru/Libraries/openal-soft/build/CMakeFiles/CMakeTmp/CheckIncludeFiles.c
/home/santi/repos/chunchunmaru/Libraries/openal-soft/build/CMakeFiles/CMakeTmp/CheckIncludeFiles.c:3:10: fatal error: pthread_np.h: No such file or directory
 #include <pthread_np.h>
          ^~~~~~~~~~~~~~
compilation terminated.
CMakeFiles/cmTC_e4526.dir/build.make:65: recipe for target 'CMakeFiles/cmTC_e4526.dir/CheckIncludeFiles.c.o' failed
make[2]: *** [CMakeFiles/cmTC_e4526.dir/CheckIncludeFiles.c.o] Error 1
make[2]: Leaving directory '/home/santi/repos/chunchunmaru/Libraries/openal-soft/build/CMakeFiles/CMakeTmp'
Makefile:126: recipe for target 'cmTC_e4526/fast' failed
make[1]: *** [cmTC_e4526/fast] Error 2
make[1]: Leaving directory '/home/santi/repos/chunchunmaru/Libraries/openal-soft/build/CMakeFiles/CMakeTmp'

Source:
/* */
#include <pthread.h>
#include <pthread_np.h>


int main(void){return 0;}

Determining if the pthread_setname_np exist failed with the following output:
Change Dir: /home/santi/repos/chunchunmaru/Libraries/openal-soft/build/CMakeFiles/CMakeTmp

Run Build Command:"/usr/bin/make" "cmTC_0be31/fast"
make[1]: Entering directory '/home/santi/repos/chunchunmaru/Libraries/openal-soft/build/CMakeFiles/CMakeTmp'
/usr/bin/make -f CMakeFiles/cmTC_0be31.dir/build.make CMakeFiles/cmTC_0be31.dir/build
make[2]: Entering directory '/home/santi/repos/chunchunmaru/Libraries/openal-soft/build/CMakeFiles/CMakeTmp'
Building C object CMakeFiles/cmTC_0be31.dir/CheckSymbolExists.c.o
/usr/bin/cc   -pthread   -o CMakeFiles/cmTC_0be31.dir/CheckSymbolExists.c.o   -c /home/santi/repos/chunchunmaru/Libraries/openal-soft/build/CMakeFiles/CMakeTmp/CheckSymbolExists.c
/home/santi/repos/chunchunmaru/Libraries/openal-soft/build/CMakeFiles/CMakeTmp/CheckSymbolExists.c: In function ‘main’:
/home/santi/repos/chunchunmaru/Libraries/openal-soft/build/CMakeFiles/CMakeTmp/CheckSymbolExists.c:8:19: error: ‘pthread_setname_np’ undeclared (first use in this function); did you mean ‘pthread_setcanceltype’?
   return ((int*)(&pthread_setname_np))[argc];
                   ^~~~~~~~~~~~~~~~~~
                   pthread_setcanceltype
/home/santi/repos/chunchunmaru/Libraries/openal-soft/build/CMakeFiles/CMakeTmp/CheckSymbolExists.c:8:19: note: each undeclared identifier is reported only once for each function it appears in
CMakeFiles/cmTC_0be31.dir/build.make:65: recipe for target 'CMakeFiles/cmTC_0be31.dir/CheckSymbolExists.c.o' failed
make[2]: *** [CMakeFiles/cmTC_0be31.dir/CheckSymbolExists.c.o] Error 1
make[2]: Leaving directory '/home/santi/repos/chunchunmaru/Libraries/openal-soft/build/CMakeFiles/CMakeTmp'
Makefile:126: recipe for target 'cmTC_0be31/fast' failed
make[1]: *** [cmTC_0be31/fast] Error 2
make[1]: Leaving directory '/home/santi/repos/chunchunmaru/Libraries/openal-soft/build/CMakeFiles/CMakeTmp'

File /home/santi/repos/chunchunmaru/Libraries/openal-soft/build/CMakeFiles/CMakeTmp/CheckSymbolExists.c:
/* */
#include <pthread.h>

int main(int argc, char** argv)
{
  (void)argv;
#ifndef pthread_setname_np
  return ((int*)(&pthread_setname_np))[argc];
#else
  (void)argc;
  return 0;
#endif
}

Determining if the pthread_set_name_np exist failed with the following output:
Change Dir: /home/santi/repos/chunchunmaru/Libraries/openal-soft/build/CMakeFiles/CMakeTmp

Run Build Command:"/usr/bin/make" "cmTC_76ca9/fast"
make[1]: Entering directory '/home/santi/repos/chunchunmaru/Libraries/openal-soft/build/CMakeFiles/CMakeTmp'
/usr/bin/make -f CMakeFiles/cmTC_76ca9.dir/build.make CMakeFiles/cmTC_76ca9.dir/build
make[2]: Entering directory '/home/santi/repos/chunchunmaru/Libraries/openal-soft/build/CMakeFiles/CMakeTmp'
Building C object CMakeFiles/cmTC_76ca9.dir/CheckSymbolExists.c.o
/usr/bin/cc   -pthread   -o CMakeFiles/cmTC_76ca9.dir/CheckSymbolExists.c.o   -c /home/santi/repos/chunchunmaru/Libraries/openal-soft/build/CMakeFiles/CMakeTmp/CheckSymbolExists.c
/home/santi/repos/chunchunmaru/Libraries/openal-soft/build/CMakeFiles/CMakeTmp/CheckSymbolExists.c: In function ‘main’:
/home/santi/repos/chunchunmaru/Libraries/openal-soft/build/CMakeFiles/CMakeTmp/CheckSymbolExists.c:8:19: error: ‘pthread_set_name_np’ undeclared (first use in this function); did you mean ‘pthread_setspecific’?
   return ((int*)(&pthread_set_name_np))[argc];
                   ^~~~~~~~~~~~~~~~~~~
                   pthread_setspecific
/home/santi/repos/chunchunmaru/Libraries/openal-soft/build/CMakeFiles/CMakeTmp/CheckSymbolExists.c:8:19: note: each undeclared identifier is reported only once for each function it appears in
CMakeFiles/cmTC_76ca9.dir/build.make:65: recipe for target 'CMakeFiles/cmTC_76ca9.dir/CheckSymbolExists.c.o' failed
make[2]: *** [CMakeFiles/cmTC_76ca9.dir/CheckSymbolExists.c.o] Error 1
make[2]: Leaving directory '/home/santi/repos/chunchunmaru/Libraries/openal-soft/build/CMakeFiles/CMakeTmp'
Makefile:126: recipe for target 'cmTC_76ca9/fast' failed
make[1]: *** [cmTC_76ca9/fast] Error 2
make[1]: Leaving directory '/home/santi/repos/chunchunmaru/Libraries/openal-soft/build/CMakeFiles/CMakeTmp'

File /home/santi/repos/chunchunmaru/Libraries/openal-soft/build/CMakeFiles/CMakeTmp/CheckSymbolExists.c:
/* */
#include <pthread.h>

int main(int argc, char** argv)
{
  (void)argv;
#ifndef pthread_set_name_np
  return ((int*)(&pthread_set_name_np))[argc];
#else
  (void)argc;
  return 0;
#endif
}

