The system is: Linux - 4.15.0-46-generic - x86_64
Compiling the C compiler identification source file "CMakeCCompilerId.c" succeeded.
Compiler: /usr/bin/cc 
Build flags: 
Id flags:  

The output was:
0


Compilation of the C compiler identification source "CMakeCCompilerId.c" produced "a.out"

The C compiler identification is GNU, found in "/home/santi/repos/chunchunmaru/Libraries/openal-soft/build/CMakeFiles/3.10.2/CompilerIdC/a.out"

Compiling the CXX compiler identification source file "CMakeCXXCompilerId.cpp" succeeded.
Compiler: /usr/bin/c++ 
Build flags: 
Id flags:  

The output was:
0


Compilation of the CXX compiler identification source "CMakeCXXCompilerId.cpp" produced "a.out"

The CXX compiler identification is GNU, found in "/home/santi/repos/chunchunmaru/Libraries/openal-soft/build/CMakeFiles/3.10.2/CompilerIdCXX/a.out"

Determining if the C compiler works passed with the following output:
Change Dir: /home/santi/repos/chunchunmaru/Libraries/openal-soft/build/CMakeFiles/CMakeTmp

Run Build Command:"/usr/bin/make" "cmTC_d3e95/fast"
make[1]: Entering directory '/home/santi/repos/chunchunmaru/Libraries/openal-soft/build/CMakeFiles/CMakeTmp'
/usr/bin/make -f CMakeFiles/cmTC_d3e95.dir/build.make CMakeFiles/cmTC_d3e95.dir/build
make[2]: Entering directory '/home/santi/repos/chunchunmaru/Libraries/openal-soft/build/CMakeFiles/CMakeTmp'
Building C object CMakeFiles/cmTC_d3e95.dir/testCCompiler.c.o
/usr/bin/cc    -o CMakeFiles/cmTC_d3e95.dir/testCCompiler.c.o   -c /home/santi/repos/chunchunmaru/Libraries/openal-soft/build/CMakeFiles/CMakeTmp/testCCompiler.c
Linking C executable cmTC_d3e95
/usr/bin/cmake -E cmake_link_script CMakeFiles/cmTC_d3e95.dir/link.txt --verbose=1
/usr/bin/cc      -rdynamic CMakeFiles/cmTC_d3e95.dir/testCCompiler.c.o  -o cmTC_d3e95 
make[2]: Leaving directory '/home/santi/repos/chunchunmaru/Libraries/openal-soft/build/CMakeFiles/CMakeTmp'
make[1]: Leaving directory '/home/santi/repos/chunchunmaru/Libraries/openal-soft/build/CMakeFiles/CMakeTmp'


Detecting C compiler ABI info compiled with the following output:
Change Dir: /home/santi/repos/chunchunmaru/Libraries/openal-soft/build/CMakeFiles/CMakeTmp

Run Build Command:"/usr/bin/make" "cmTC_7eff3/fast"
make[1]: Entering directory '/home/santi/repos/chunchunmaru/Libraries/openal-soft/build/CMakeFiles/CMakeTmp'
/usr/bin/make -f CMakeFiles/cmTC_7eff3.dir/build.make CMakeFiles/cmTC_7eff3.dir/build
make[2]: Entering directory '/home/santi/repos/chunchunmaru/Libraries/openal-soft/build/CMakeFiles/CMakeTmp'
Building C object CMakeFiles/cmTC_7eff3.dir/CMakeCCompilerABI.c.o
/usr/bin/cc    -o CMakeFiles/cmTC_7eff3.dir/CMakeCCompilerABI.c.o   -c /usr/share/cmake-3.10/Modules/CMakeCCompilerABI.c
Linking C executable cmTC_7eff3
/usr/bin/cmake -E cmake_link_script CMakeFiles/cmTC_7eff3.dir/link.txt --verbose=1
/usr/bin/cc     -v -rdynamic CMakeFiles/cmTC_7eff3.dir/CMakeCCompilerABI.c.o  -o cmTC_7eff3 
Using built-in specs.
COLLECT_GCC=/usr/bin/cc
COLLECT_LTO_WRAPPER=/usr/lib/gcc/x86_64-linux-gnu/7/lto-wrapper
OFFLOAD_TARGET_NAMES=nvptx-none
OFFLOAD_TARGET_DEFAULT=1
Target: x86_64-linux-gnu
Configured with: ../src/configure -v --with-pkgversion='Ubuntu 7.3.0-27ubuntu1~18.04' --with-bugurl=file:///usr/share/doc/gcc-7/README.Bugs --enable-languages=c,ada,c++,go,brig,d,fortran,objc,obj-c++ --prefix=/usr --with-gcc-major-version-only --program-suffix=-7 --program-prefix=x86_64-linux-gnu- --enable-shared --enable-linker-build-id --libexecdir=/usr/lib --without-included-gettext --enable-threads=posix --libdir=/usr/lib --enable-nls --with-sysroot=/ --enable-clocale=gnu --enable-libstdcxx-debug --enable-libstdcxx-time=yes --with-default-libstdcxx-abi=new --enable-gnu-unique-object --disable-vtable-verify --enable-libmpx --enable-plugin --enable-default-pie --with-system-zlib --with-target-system-zlib --enable-objc-gc=auto --enable-multiarch --disable-werror --with-arch-32=i686 --with-abi=m64 --with-multilib-list=m32,m64,mx32 --enable-multilib --with-tune=generic --enable-offload-targets=nvptx-none --without-cuda-driver --enable-checking=release --build=x86_64-linux-gnu --host=x86_64-linux-gnu --target=x86_64-linux-gnu
Thread model: posix
gcc version 7.3.0 (Ubuntu 7.3.0-27ubuntu1~18.04) 
COMPILER_PATH=/usr/lib/gcc/x86_64-linux-gnu/7/:/usr/lib/gcc/x86_64-linux-gnu/7/:/usr/lib/gcc/x86_64-linux-gnu/:/usr/lib/gcc/x86_64-linux-gnu/7/:/usr/lib/gcc/x86_64-linux-gnu/
LIBRARY_PATH=/usr/lib/gcc/x86_64-linux-gnu/7/:/usr/lib/gcc/x86_64-linux-gnu/7/../../../x86_64-linux-gnu/:/usr/lib/gcc/x86_64-linux-gnu/7/../../../../lib/:/lib/x86_64-linux-gnu/:/lib/../lib/:/usr/lib/x86_64-linux-gnu/:/usr/lib/../lib/:/usr/lib/gcc/x86_64-linux-gnu/7/../../../:/lib/:/usr/lib/
COLLECT_GCC_OPTIONS='-v' '-rdynamic' '-o' 'cmTC_7eff3' '-mtune=generic' '-march=x86-64'
 /usr/lib/gcc/x86_64-linux-gnu/7/collect2 -plugin /usr/lib/gcc/x86_64-linux-gnu/7/liblto_plugin.so -plugin-opt=/usr/lib/gcc/x86_64-linux-gnu/7/lto-wrapper -plugin-opt=-fresolution=/tmp/ccDTeOlU.res -plugin-opt=-pass-through=-lgcc -plugin-opt=-pass-through=-lgcc_s -plugin-opt=-pass-through=-lc -plugin-opt=-pass-through=-lgcc -plugin-opt=-pass-through=-lgcc_s --sysroot=/ --build-id --eh-frame-hdr -m elf_x86_64 --hash-style=gnu --as-needed -export-dynamic -dynamic-linker /lib64/ld-linux-x86-64.so.2 -pie -z now -z relro -o cmTC_7eff3 /usr/lib/gcc/x86_64-linux-gnu/7/../../../x86_64-linux-gnu/Scrt1.o /usr/lib/gcc/x86_64-linux-gnu/7/../../../x86_64-linux-gnu/crti.o /usr/lib/gcc/x86_64-linux-gnu/7/crtbeginS.o -L/usr/lib/gcc/x86_64-linux-gnu/7 -L/usr/lib/gcc/x86_64-linux-gnu/7/../../../x86_64-linux-gnu -L/usr/lib/gcc/x86_64-linux-gnu/7/../../../../lib -L/lib/x86_64-linux-gnu -L/lib/../lib -L/usr/lib/x86_64-linux-gnu -L/usr/lib/../lib -L/usr/lib/gcc/x86_64-linux-gnu/7/../../.. CMakeFiles/cmTC_7eff3.dir/CMakeCCompilerABI.c.o -lgcc --push-state --as-needed -lgcc_s --pop-state -lc -lgcc --push-state --as-needed -lgcc_s --pop-state /usr/lib/gcc/x86_64-linux-gnu/7/crtendS.o /usr/lib/gcc/x86_64-linux-gnu/7/../../../x86_64-linux-gnu/crtn.o
COLLECT_GCC_OPTIONS='-v' '-rdynamic' '-o' 'cmTC_7eff3' '-mtune=generic' '-march=x86-64'
make[2]: Leaving directory '/home/santi/repos/chunchunmaru/Libraries/openal-soft/build/CMakeFiles/CMakeTmp'
make[1]: Leaving directory '/home/santi/repos/chunchunmaru/Libraries/openal-soft/build/CMakeFiles/CMakeTmp'


Parsed C implicit link information from above output:
  link line regex: [^( *|.*[/\])(ld|CMAKE_LINK_STARTFILE-NOTFOUND|([^/\]+-)?ld|collect2)[^/\]*( |$)]
  ignore line: [Change Dir: /home/santi/repos/chunchunmaru/Libraries/openal-soft/build/CMakeFiles/CMakeTmp]
  ignore line: []
  ignore line: [Run Build Command:"/usr/bin/make" "cmTC_7eff3/fast"]
  ignore line: [make[1]: Entering directory '/home/santi/repos/chunchunmaru/Libraries/openal-soft/build/CMakeFiles/CMakeTmp']
  ignore line: [/usr/bin/make -f CMakeFiles/cmTC_7eff3.dir/build.make CMakeFiles/cmTC_7eff3.dir/build]
  ignore line: [make[2]: Entering directory '/home/santi/repos/chunchunmaru/Libraries/openal-soft/build/CMakeFiles/CMakeTmp']
  ignore line: [Building C object CMakeFiles/cmTC_7eff3.dir/CMakeCCompilerABI.c.o]
  ignore line: [/usr/bin/cc    -o CMakeFiles/cmTC_7eff3.dir/CMakeCCompilerABI.c.o   -c /usr/share/cmake-3.10/Modules/CMakeCCompilerABI.c]
  ignore line: [Linking C executable cmTC_7eff3]
  ignore line: [/usr/bin/cmake -E cmake_link_script CMakeFiles/cmTC_7eff3.dir/link.txt --verbose=1]
  ignore line: [/usr/bin/cc     -v -rdynamic CMakeFiles/cmTC_7eff3.dir/CMakeCCompilerABI.c.o  -o cmTC_7eff3 ]
  ignore line: [Using built-in specs.]
  ignore line: [COLLECT_GCC=/usr/bin/cc]
  ignore line: [COLLECT_LTO_WRAPPER=/usr/lib/gcc/x86_64-linux-gnu/7/lto-wrapper]
  ignore line: [OFFLOAD_TARGET_NAMES=nvptx-none]
  ignore line: [OFFLOAD_TARGET_DEFAULT=1]
  ignore line: [Target: x86_64-linux-gnu]
  ignore line: [Configured with: ../src/configure -v --with-pkgversion='Ubuntu 7.3.0-27ubuntu1~18.04' --with-bugurl=file:///usr/share/doc/gcc-7/README.Bugs --enable-languages=c,ada,c++,go,brig,d,fortran,objc,obj-c++ --prefix=/usr --with-gcc-major-version-only --program-suffix=-7 --program-prefix=x86_64-linux-gnu- --enable-shared --enable-linker-build-id --libexecdir=/usr/lib --without-included-gettext --enable-threads=posix --libdir=/usr/lib --enable-nls --with-sysroot=/ --enable-clocale=gnu --enable-libstdcxx-debug --enable-libstdcxx-time=yes --with-default-libstdcxx-abi=new --enable-gnu-unique-object --disable-vtable-verify --enable-libmpx --enable-plugin --enable-default-pie --with-system-zlib --with-target-system-zlib --enable-objc-gc=auto --enable-multiarch --disable-werror --with-arch-32=i686 --with-abi=m64 --with-multilib-list=m32,m64,mx32 --enable-multilib --with-tune=generic --enable-offload-targets=nvptx-none --without-cuda-driver --enable-checking=release --build=x86_64-linux-gnu --host=x86_64-linux-gnu --target=x86_64-linux-gnu]
  ignore line: [Thread model: posix]
  ignore line: [gcc version 7.3.0 (Ubuntu 7.3.0-27ubuntu1~18.04) ]
  ignore line: [COMPILER_PATH=/usr/lib/gcc/x86_64-linux-gnu/7/:/usr/lib/gcc/x86_64-linux-gnu/7/:/usr/lib/gcc/x86_64-linux-gnu/:/usr/lib/gcc/x86_64-linux-gnu/7/:/usr/lib/gcc/x86_64-linux-gnu/]
  ignore line: [LIBRARY_PATH=/usr/lib/gcc/x86_64-linux-gnu/7/:/usr/lib/gcc/x86_64-linux-gnu/7/../../../x86_64-linux-gnu/:/usr/lib/gcc/x86_64-linux-gnu/7/../../../../lib/:/lib/x86_64-linux-gnu/:/lib/../lib/:/usr/lib/x86_64-linux-gnu/:/usr/lib/../lib/:/usr/lib/gcc/x86_64-linux-gnu/7/../../../:/lib/:/usr/lib/]
  ignore line: [COLLECT_GCC_OPTIONS='-v' '-rdynamic' '-o' 'cmTC_7eff3' '-mtune=generic' '-march=x86-64']
  link line: [ /usr/lib/gcc/x86_64-linux-gnu/7/collect2 -plugin /usr/lib/gcc/x86_64-linux-gnu/7/liblto_plugin.so -plugin-opt=/usr/lib/gcc/x86_64-linux-gnu/7/lto-wrapper -plugin-opt=-fresolution=/tmp/ccDTeOlU.res -plugin-opt=-pass-through=-lgcc -plugin-opt=-pass-through=-lgcc_s -plugin-opt=-pass-through=-lc -plugin-opt=-pass-through=-lgcc -plugin-opt=-pass-through=-lgcc_s --sysroot=/ --build-id --eh-frame-hdr -m elf_x86_64 --hash-style=gnu --as-needed -export-dynamic -dynamic-linker /lib64/ld-linux-x86-64.so.2 -pie -z now -z relro -o cmTC_7eff3 /usr/lib/gcc/x86_64-linux-gnu/7/../../../x86_64-linux-gnu/Scrt1.o /usr/lib/gcc/x86_64-linux-gnu/7/../../../x86_64-linux-gnu/crti.o /usr/lib/gcc/x86_64-linux-gnu/7/crtbeginS.o -L/usr/lib/gcc/x86_64-linux-gnu/7 -L/usr/lib/gcc/x86_64-linux-gnu/7/../../../x86_64-linux-gnu -L/usr/lib/gcc/x86_64-linux-gnu/7/../../../../lib -L/lib/x86_64-linux-gnu -L/lib/../lib -L/usr/lib/x86_64-linux-gnu -L/usr/lib/../lib -L/usr/lib/gcc/x86_64-linux-gnu/7/../../.. CMakeFiles/cmTC_7eff3.dir/CMakeCCompilerABI.c.o -lgcc --push-state --as-needed -lgcc_s --pop-state -lc -lgcc --push-state --as-needed -lgcc_s --pop-state /usr/lib/gcc/x86_64-linux-gnu/7/crtendS.o /usr/lib/gcc/x86_64-linux-gnu/7/../../../x86_64-linux-gnu/crtn.o]
    arg [/usr/lib/gcc/x86_64-linux-gnu/7/collect2] ==> ignore
    arg [-plugin] ==> ignore
    arg [/usr/lib/gcc/x86_64-linux-gnu/7/liblto_plugin.so] ==> ignore
    arg [-plugin-opt=/usr/lib/gcc/x86_64-linux-gnu/7/lto-wrapper] ==> ignore
    arg [-plugin-opt=-fresolution=/tmp/ccDTeOlU.res] ==> ignore
    arg [-plugin-opt=-pass-through=-lgcc] ==> ignore
    arg [-plugin-opt=-pass-through=-lgcc_s] ==> ignore
    arg [-plugin-opt=-pass-through=-lc] ==> ignore
    arg [-plugin-opt=-pass-through=-lgcc] ==> ignore
    arg [-plugin-opt=-pass-through=-lgcc_s] ==> ignore
    arg [--sysroot=/] ==> ignore
    arg [--build-id] ==> ignore
    arg [--eh-frame-hdr] ==> ignore
    arg [-m] ==> ignore
    arg [elf_x86_64] ==> ignore
    arg [--hash-style=gnu] ==> ignore
    arg [--as-needed] ==> ignore
    arg [-export-dynamic] ==> ignore
    arg [-dynamic-linker] ==> ignore
    arg [/lib64/ld-linux-x86-64.so.2] ==> ignore
    arg [-pie] ==> ignore
    arg [-znow] ==> ignore
    arg [-zrelro] ==> ignore
    arg [-o] ==> ignore
    arg [cmTC_7eff3] ==> ignore
    arg [/usr/lib/gcc/x86_64-linux-gnu/7/../../../x86_64-linux-gnu/Scrt1.o] ==> ignore
    arg [/usr/lib/gcc/x86_64-linux-gnu/7/../../../x86_64-linux-gnu/crti.o] ==> ignore
    arg [/usr/lib/gcc/x86_64-linux-gnu/7/crtbeginS.o] ==> ignore
    arg [-L/usr/lib/gcc/x86_64-linux-gnu/7] ==> dir [/usr/lib/gcc/x86_64-linux-gnu/7]
    arg [-L/usr/lib/gcc/x86_64-linux-gnu/7/../../../x86_64-linux-gnu] ==> dir [/usr/lib/gcc/x86_64-linux-gnu/7/../../../x86_64-linux-gnu]
    arg [-L/usr/lib/gcc/x86_64-linux-gnu/7/../../../../lib] ==> dir [/usr/lib/gcc/x86_64-linux-gnu/7/../../../../lib]
    arg [-L/lib/x86_64-linux-gnu] ==> dir [/lib/x86_64-linux-gnu]
    arg [-L/lib/../lib] ==> dir [/lib/../lib]
    arg [-L/usr/lib/x86_64-linux-gnu] ==> dir [/usr/lib/x86_64-linux-gnu]
    arg [-L/usr/lib/../lib] ==> dir [/usr/lib/../lib]
    arg [-L/usr/lib/gcc/x86_64-linux-gnu/7/../../..] ==> dir [/usr/lib/gcc/x86_64-linux-gnu/7/../../..]
    arg [CMakeFiles/cmTC_7eff3.dir/CMakeCCompilerABI.c.o] ==> ignore
    arg [-lgcc] ==> lib [gcc]
    arg [--push-state] ==> ignore
    arg [--as-needed] ==> ignore
    arg [-lgcc_s] ==> lib [gcc_s]
    arg [--pop-state] ==> ignore
    arg [-lc] ==> lib [c]
    arg [-lgcc] ==> lib [gcc]
    arg [--push-state] ==> ignore
    arg [--as-needed] ==> ignore
    arg [-lgcc_s] ==> lib [gcc_s]
    arg [--pop-state] ==> ignore
    arg [/usr/lib/gcc/x86_64-linux-gnu/7/crtendS.o] ==> ignore
    arg [/usr/lib/gcc/x86_64-linux-gnu/7/../../../x86_64-linux-gnu/crtn.o] ==> ignore
  collapse library dir [/usr/lib/gcc/x86_64-linux-gnu/7] ==> [/usr/lib/gcc/x86_64-linux-gnu/7]
  collapse library dir [/usr/lib/gcc/x86_64-linux-gnu/7/../../../x86_64-linux-gnu] ==> [/usr/lib/x86_64-linux-gnu]
  collapse library dir [/usr/lib/gcc/x86_64-linux-gnu/7/../../../../lib] ==> [/usr/lib]
  collapse library dir [/lib/x86_64-linux-gnu] ==> [/lib/x86_64-linux-gnu]
  collapse library dir [/lib/../lib] ==> [/lib]
  collapse library dir [/usr/lib/x86_64-linux-gnu] ==> [/usr/lib/x86_64-linux-gnu]
  collapse library dir [/usr/lib/../lib] ==> [/usr/lib]
  collapse library dir [/usr/lib/gcc/x86_64-linux-gnu/7/../../..] ==> [/usr/lib]
  implicit libs: [gcc;gcc_s;c;gcc;gcc_s]
  implicit dirs: [/usr/lib/gcc/x86_64-linux-gnu/7;/usr/lib/x86_64-linux-gnu;/usr/lib;/lib/x86_64-linux-gnu;/lib]
  implicit fwks: []




Detecting C [-std=c11] compiler features compiled with the following output:
Change Dir: /home/santi/repos/chunchunmaru/Libraries/openal-soft/build/CMakeFiles/CMakeTmp

Run Build Command:"/usr/bin/make" "cmTC_c922b/fast"
make[1]: Entering directory '/home/santi/repos/chunchunmaru/Libraries/openal-soft/build/CMakeFiles/CMakeTmp'
/usr/bin/make -f CMakeFiles/cmTC_c922b.dir/build.make CMakeFiles/cmTC_c922b.dir/build
make[2]: Entering directory '/home/santi/repos/chunchunmaru/Libraries/openal-soft/build/CMakeFiles/CMakeTmp'
Building C object CMakeFiles/cmTC_c922b.dir/feature_tests.c.o
/usr/bin/cc   -std=c11 -o CMakeFiles/cmTC_c922b.dir/feature_tests.c.o   -c /home/santi/repos/chunchunmaru/Libraries/openal-soft/build/CMakeFiles/feature_tests.c
Linking C executable cmTC_c922b
/usr/bin/cmake -E cmake_link_script CMakeFiles/cmTC_c922b.dir/link.txt --verbose=1
/usr/bin/cc      -rdynamic CMakeFiles/cmTC_c922b.dir/feature_tests.c.o  -o cmTC_c922b 
make[2]: Leaving directory '/home/santi/repos/chunchunmaru/Libraries/openal-soft/build/CMakeFiles/CMakeTmp'
make[1]: Leaving directory '/home/santi/repos/chunchunmaru/Libraries/openal-soft/build/CMakeFiles/CMakeTmp'


    Feature record: C_FEATURE:1c_function_prototypes
    Feature record: C_FEATURE:1c_restrict
    Feature record: C_FEATURE:1c_static_assert
    Feature record: C_FEATURE:1c_variadic_macros


Detecting C [-std=c99] compiler features compiled with the following output:
Change Dir: /home/santi/repos/chunchunmaru/Libraries/openal-soft/build/CMakeFiles/CMakeTmp

Run Build Command:"/usr/bin/make" "cmTC_41e7e/fast"
make[1]: Entering directory '/home/santi/repos/chunchunmaru/Libraries/openal-soft/build/CMakeFiles/CMakeTmp'
/usr/bin/make -f CMakeFiles/cmTC_41e7e.dir/build.make CMakeFiles/cmTC_41e7e.dir/build
make[2]: Entering directory '/home/santi/repos/chunchunmaru/Libraries/openal-soft/build/CMakeFiles/CMakeTmp'
Building C object CMakeFiles/cmTC_41e7e.dir/feature_tests.c.o
/usr/bin/cc   -std=c99 -o CMakeFiles/cmTC_41e7e.dir/feature_tests.c.o   -c /home/santi/repos/chunchunmaru/Libraries/openal-soft/build/CMakeFiles/feature_tests.c
Linking C executable cmTC_41e7e
/usr/bin/cmake -E cmake_link_script CMakeFiles/cmTC_41e7e.dir/link.txt --verbose=1
/usr/bin/cc      -rdynamic CMakeFiles/cmTC_41e7e.dir/feature_tests.c.o  -o cmTC_41e7e 
make[2]: Leaving directory '/home/santi/repos/chunchunmaru/Libraries/openal-soft/build/CMakeFiles/CMakeTmp'
make[1]: Leaving directory '/home/santi/repos/chunchunmaru/Libraries/openal-soft/build/CMakeFiles/CMakeTmp'


    Feature record: C_FEATURE:1c_function_prototypes
    Feature record: C_FEATURE:1c_restrict
    Feature record: C_FEATURE:0c_static_assert
    Feature record: C_FEATURE:1c_variadic_macros


Detecting C [-std=c90] compiler features compiled with the following output:
Change Dir: /home/santi/repos/chunchunmaru/Libraries/openal-soft/build/CMakeFiles/CMakeTmp

Run Build Command:"/usr/bin/make" "cmTC_29146/fast"
make[1]: Entering directory '/home/santi/repos/chunchunmaru/Libraries/openal-soft/build/CMakeFiles/CMakeTmp'
/usr/bin/make -f CMakeFiles/cmTC_29146.dir/build.make CMakeFiles/cmTC_29146.dir/build
make[2]: Entering directory '/home/santi/repos/chunchunmaru/Libraries/openal-soft/build/CMakeFiles/CMakeTmp'
Building C object CMakeFiles/cmTC_29146.dir/feature_tests.c.o
/usr/bin/cc   -std=c90 -o CMakeFiles/cmTC_29146.dir/feature_tests.c.o   -c /home/santi/repos/chunchunmaru/Libraries/openal-soft/build/CMakeFiles/feature_tests.c
Linking C executable cmTC_29146
/usr/bin/cmake -E cmake_link_script CMakeFiles/cmTC_29146.dir/link.txt --verbose=1
/usr/bin/cc      -rdynamic CMakeFiles/cmTC_29146.dir/feature_tests.c.o  -o cmTC_29146 
make[2]: Leaving directory '/home/santi/repos/chunchunmaru/Libraries/openal-soft/build/CMakeFiles/CMakeTmp'
make[1]: Leaving directory '/home/santi/repos/chunchunmaru/Libraries/openal-soft/build/CMakeFiles/CMakeTmp'


    Feature record: C_FEATURE:1c_function_prototypes
    Feature record: C_FEATURE:0c_restrict
    Feature record: C_FEATURE:0c_static_assert
    Feature record: C_FEATURE:0c_variadic_macros
Determining if the CXX compiler works passed with the following output:
Change Dir: /home/santi/repos/chunchunmaru/Libraries/openal-soft/build/CMakeFiles/CMakeTmp

Run Build Command:"/usr/bin/make" "cmTC_5b527/fast"
make[1]: Entering directory '/home/santi/repos/chunchunmaru/Libraries/openal-soft/build/CMakeFiles/CMakeTmp'
/usr/bin/make -f CMakeFiles/cmTC_5b527.dir/build.make CMakeFiles/cmTC_5b527.dir/build
make[2]: Entering directory '/home/santi/repos/chunchunmaru/Libraries/openal-soft/build/CMakeFiles/CMakeTmp'
Building CXX object CMakeFiles/cmTC_5b527.dir/testCXXCompiler.cxx.o
/usr/bin/c++     -o CMakeFiles/cmTC_5b527.dir/testCXXCompiler.cxx.o -c /home/santi/repos/chunchunmaru/Libraries/openal-soft/build/CMakeFiles/CMakeTmp/testCXXCompiler.cxx
Linking CXX executable cmTC_5b527
/usr/bin/cmake -E cmake_link_script CMakeFiles/cmTC_5b527.dir/link.txt --verbose=1
/usr/bin/c++       -rdynamic CMakeFiles/cmTC_5b527.dir/testCXXCompiler.cxx.o  -o cmTC_5b527 
make[2]: Leaving directory '/home/santi/repos/chunchunmaru/Libraries/openal-soft/build/CMakeFiles/CMakeTmp'
make[1]: Leaving directory '/home/santi/repos/chunchunmaru/Libraries/openal-soft/build/CMakeFiles/CMakeTmp'


Detecting CXX compiler ABI info compiled with the following output:
Change Dir: /home/santi/repos/chunchunmaru/Libraries/openal-soft/build/CMakeFiles/CMakeTmp

Run Build Command:"/usr/bin/make" "cmTC_2f78f/fast"
make[1]: Entering directory '/home/santi/repos/chunchunmaru/Libraries/openal-soft/build/CMakeFiles/CMakeTmp'
/usr/bin/make -f CMakeFiles/cmTC_2f78f.dir/build.make CMakeFiles/cmTC_2f78f.dir/build
make[2]: Entering directory '/home/santi/repos/chunchunmaru/Libraries/openal-soft/build/CMakeFiles/CMakeTmp'
Building CXX object CMakeFiles/cmTC_2f78f.dir/CMakeCXXCompilerABI.cpp.o
/usr/bin/c++     -o CMakeFiles/cmTC_2f78f.dir/CMakeCXXCompilerABI.cpp.o -c /usr/share/cmake-3.10/Modules/CMakeCXXCompilerABI.cpp
Linking CXX executable cmTC_2f78f
/usr/bin/cmake -E cmake_link_script CMakeFiles/cmTC_2f78f.dir/link.txt --verbose=1
/usr/bin/c++      -v -rdynamic CMakeFiles/cmTC_2f78f.dir/CMakeCXXCompilerABI.cpp.o  -o cmTC_2f78f 
Using built-in specs.
COLLECT_GCC=/usr/bin/c++
COLLECT_LTO_WRAPPER=/usr/lib/gcc/x86_64-linux-gnu/7/lto-wrapper
OFFLOAD_TARGET_NAMES=nvptx-none
OFFLOAD_TARGET_DEFAULT=1
Target: x86_64-linux-gnu
Configured with: ../src/configure -v --with-pkgversion='Ubuntu 7.3.0-27ubuntu1~18.04' --with-bugurl=file:///usr/share/doc/gcc-7/README.Bugs --enable-languages=c,ada,c++,go,brig,d,fortran,objc,obj-c++ --prefix=/usr --with-gcc-major-version-only --program-suffix=-7 --program-prefix=x86_64-linux-gnu- --enable-shared --enable-linker-build-id --libexecdir=/usr/lib --without-included-gettext --enable-threads=posix --libdir=/usr/lib --enable-nls --with-sysroot=/ --enable-clocale=gnu --enable-libstdcxx-debug --enable-libstdcxx-time=yes --with-default-libstdcxx-abi=new --enable-gnu-unique-object --disable-vtable-verify --enable-libmpx --enable-plugin --enable-default-pie --with-system-zlib --with-target-system-zlib --enable-objc-gc=auto --enable-multiarch --disable-werror --with-arch-32=i686 --with-abi=m64 --with-multilib-list=m32,m64,mx32 --enable-multilib --with-tune=generic --enable-offload-targets=nvptx-none --without-cuda-driver --enable-checking=release --build=x86_64-linux-gnu --host=x86_64-linux-gnu --target=x86_64-linux-gnu
Thread model: posix
gcc version 7.3.0 (Ubuntu 7.3.0-27ubuntu1~18.04) 
COMPILER_PATH=/usr/lib/gcc/x86_64-linux-gnu/7/:/usr/lib/gcc/x86_64-linux-gnu/7/:/usr/lib/gcc/x86_64-linux-gnu/:/usr/lib/gcc/x86_64-linux-gnu/7/:/usr/lib/gcc/x86_64-linux-gnu/
LIBRARY_PATH=/usr/lib/gcc/x86_64-linux-gnu/7/:/usr/lib/gcc/x86_64-linux-gnu/7/../../../x86_64-linux-gnu/:/usr/lib/gcc/x86_64-linux-gnu/7/../../../../lib/:/lib/x86_64-linux-gnu/:/lib/../lib/:/usr/lib/x86_64-linux-gnu/:/usr/lib/../lib/:/usr/lib/gcc/x86_64-linux-gnu/7/../../../:/lib/:/usr/lib/
COLLECT_GCC_OPTIONS='-v' '-rdynamic' '-o' 'cmTC_2f78f' '-shared-libgcc' '-mtune=generic' '-march=x86-64'
 /usr/lib/gcc/x86_64-linux-gnu/7/collect2 -plugin /usr/lib/gcc/x86_64-linux-gnu/7/liblto_plugin.so -plugin-opt=/usr/lib/gcc/x86_64-linux-gnu/7/lto-wrapper -plugin-opt=-fresolution=/tmp/ccJ8mfrs.res -plugin-opt=-pass-through=-lgcc_s -plugin-opt=-pass-through=-lgcc -plugin-opt=-pass-through=-lc -plugin-opt=-pass-through=-lgcc_s -plugin-opt=-pass-through=-lgcc --sysroot=/ --build-id --eh-frame-hdr -m elf_x86_64 --hash-style=gnu --as-needed -export-dynamic -dynamic-linker /lib64/ld-linux-x86-64.so.2 -pie -z now -z relro -o cmTC_2f78f /usr/lib/gcc/x86_64-linux-gnu/7/../../../x86_64-linux-gnu/Scrt1.o /usr/lib/gcc/x86_64-linux-gnu/7/../../../x86_64-linux-gnu/crti.o /usr/lib/gcc/x86_64-linux-gnu/7/crtbeginS.o -L/usr/lib/gcc/x86_64-linux-gnu/7 -L/usr/lib/gcc/x86_64-linux-gnu/7/../../../x86_64-linux-gnu -L/usr/lib/gcc/x86_64-linux-gnu/7/../../../../lib -L/lib/x86_64-linux-gnu -L/lib/../lib -L/usr/lib/x86_64-linux-gnu -L/usr/lib/../lib -L/usr/lib/gcc/x86_64-linux-gnu/7/../../.. CMakeFiles/cmTC_2f78f.dir/CMakeCXXCompilerABI.cpp.o -lstdc++ -lm -lgcc_s -lgcc -lc -lgcc_s -lgcc /usr/lib/gcc/x86_64-linux-gnu/7/crtendS.o /usr/lib/gcc/x86_64-linux-gnu/7/../../../x86_64-linux-gnu/crtn.o
COLLECT_GCC_OPTIONS='-v' '-rdynamic' '-o' 'cmTC_2f78f' '-shared-libgcc' '-mtune=generic' '-march=x86-64'
make[2]: Leaving directory '/home/santi/repos/chunchunmaru/Libraries/openal-soft/build/CMakeFiles/CMakeTmp'
make[1]: Leaving directory '/home/santi/repos/chunchunmaru/Libraries/openal-soft/build/CMakeFiles/CMakeTmp'


Parsed CXX implicit link information from above output:
  link line regex: [^( *|.*[/\])(ld|CMAKE_LINK_STARTFILE-NOTFOUND|([^/\]+-)?ld|collect2)[^/\]*( |$)]
  ignore line: [Change Dir: /home/santi/repos/chunchunmaru/Libraries/openal-soft/build/CMakeFiles/CMakeTmp]
  ignore line: []
  ignore line: [Run Build Command:"/usr/bin/make" "cmTC_2f78f/fast"]
  ignore line: [make[1]: Entering directory '/home/santi/repos/chunchunmaru/Libraries/openal-soft/build/CMakeFiles/CMakeTmp']
  ignore line: [/usr/bin/make -f CMakeFiles/cmTC_2f78f.dir/build.make CMakeFiles/cmTC_2f78f.dir/build]
  ignore line: [make[2]: Entering directory '/home/santi/repos/chunchunmaru/Libraries/openal-soft/build/CMakeFiles/CMakeTmp']
  ignore line: [Building CXX object CMakeFiles/cmTC_2f78f.dir/CMakeCXXCompilerABI.cpp.o]
  ignore line: [/usr/bin/c++     -o CMakeFiles/cmTC_2f78f.dir/CMakeCXXCompilerABI.cpp.o -c /usr/share/cmake-3.10/Modules/CMakeCXXCompilerABI.cpp]
  ignore line: [Linking CXX executable cmTC_2f78f]
  ignore line: [/usr/bin/cmake -E cmake_link_script CMakeFiles/cmTC_2f78f.dir/link.txt --verbose=1]
  ignore line: [/usr/bin/c++      -v -rdynamic CMakeFiles/cmTC_2f78f.dir/CMakeCXXCompilerABI.cpp.o  -o cmTC_2f78f ]
  ignore line: [Using built-in specs.]
  ignore line: [COLLECT_GCC=/usr/bin/c++]
  ignore line: [COLLECT_LTO_WRAPPER=/usr/lib/gcc/x86_64-linux-gnu/7/lto-wrapper]
  ignore line: [OFFLOAD_TARGET_NAMES=nvptx-none]
  ignore line: [OFFLOAD_TARGET_DEFAULT=1]
  ignore line: [Target: x86_64-linux-gnu]
  ignore line: [Configured with: ../src/configure -v --with-pkgversion='Ubuntu 7.3.0-27ubuntu1~18.04' --with-bugurl=file:///usr/share/doc/gcc-7/README.Bugs --enable-languages=c,ada,c++,go,brig,d,fortran,objc,obj-c++ --prefix=/usr --with-gcc-major-version-only --program-suffix=-7 --program-prefix=x86_64-linux-gnu- --enable-shared --enable-linker-build-id --libexecdir=/usr/lib --without-included-gettext --enable-threads=posix --libdir=/usr/lib --enable-nls --with-sysroot=/ --enable-clocale=gnu --enable-libstdcxx-debug --enable-libstdcxx-time=yes --with-default-libstdcxx-abi=new --enable-gnu-unique-object --disable-vtable-verify --enable-libmpx --enable-plugin --enable-default-pie --with-system-zlib --with-target-system-zlib --enable-objc-gc=auto --enable-multiarch --disable-werror --with-arch-32=i686 --with-abi=m64 --with-multilib-list=m32,m64,mx32 --enable-multilib --with-tune=generic --enable-offload-targets=nvptx-none --without-cuda-driver --enable-checking=release --build=x86_64-linux-gnu --host=x86_64-linux-gnu --target=x86_64-linux-gnu]
  ignore line: [Thread model: posix]
  ignore line: [gcc version 7.3.0 (Ubuntu 7.3.0-27ubuntu1~18.04) ]
  ignore line: [COMPILER_PATH=/usr/lib/gcc/x86_64-linux-gnu/7/:/usr/lib/gcc/x86_64-linux-gnu/7/:/usr/lib/gcc/x86_64-linux-gnu/:/usr/lib/gcc/x86_64-linux-gnu/7/:/usr/lib/gcc/x86_64-linux-gnu/]
  ignore line: [LIBRARY_PATH=/usr/lib/gcc/x86_64-linux-gnu/7/:/usr/lib/gcc/x86_64-linux-gnu/7/../../../x86_64-linux-gnu/:/usr/lib/gcc/x86_64-linux-gnu/7/../../../../lib/:/lib/x86_64-linux-gnu/:/lib/../lib/:/usr/lib/x86_64-linux-gnu/:/usr/lib/../lib/:/usr/lib/gcc/x86_64-linux-gnu/7/../../../:/lib/:/usr/lib/]
  ignore line: [COLLECT_GCC_OPTIONS='-v' '-rdynamic' '-o' 'cmTC_2f78f' '-shared-libgcc' '-mtune=generic' '-march=x86-64']
  link line: [ /usr/lib/gcc/x86_64-linux-gnu/7/collect2 -plugin /usr/lib/gcc/x86_64-linux-gnu/7/liblto_plugin.so -plugin-opt=/usr/lib/gcc/x86_64-linux-gnu/7/lto-wrapper -plugin-opt=-fresolution=/tmp/ccJ8mfrs.res -plugin-opt=-pass-through=-lgcc_s -plugin-opt=-pass-through=-lgcc -plugin-opt=-pass-through=-lc -plugin-opt=-pass-through=-lgcc_s -plugin-opt=-pass-through=-lgcc --sysroot=/ --build-id --eh-frame-hdr -m elf_x86_64 --hash-style=gnu --as-needed -export-dynamic -dynamic-linker /lib64/ld-linux-x86-64.so.2 -pie -z now -z relro -o cmTC_2f78f /usr/lib/gcc/x86_64-linux-gnu/7/../../../x86_64-linux-gnu/Scrt1.o /usr/lib/gcc/x86_64-linux-gnu/7/../../../x86_64-linux-gnu/crti.o /usr/lib/gcc/x86_64-linux-gnu/7/crtbeginS.o -L/usr/lib/gcc/x86_64-linux-gnu/7 -L/usr/lib/gcc/x86_64-linux-gnu/7/../../../x86_64-linux-gnu -L/usr/lib/gcc/x86_64-linux-gnu/7/../../../../lib -L/lib/x86_64-linux-gnu -L/lib/../lib -L/usr/lib/x86_64-linux-gnu -L/usr/lib/../lib -L/usr/lib/gcc/x86_64-linux-gnu/7/../../.. CMakeFiles/cmTC_2f78f.dir/CMakeCXXCompilerABI.cpp.o -lstdc++ -lm -lgcc_s -lgcc -lc -lgcc_s -lgcc /usr/lib/gcc/x86_64-linux-gnu/7/crtendS.o /usr/lib/gcc/x86_64-linux-gnu/7/../../../x86_64-linux-gnu/crtn.o]
    arg [/usr/lib/gcc/x86_64-linux-gnu/7/collect2] ==> ignore
    arg [-plugin] ==> ignore
    arg [/usr/lib/gcc/x86_64-linux-gnu/7/liblto_plugin.so] ==> ignore
    arg [-plugin-opt=/usr/lib/gcc/x86_64-linux-gnu/7/lto-wrapper] ==> ignore
    arg [-plugin-opt=-fresolution=/tmp/ccJ8mfrs.res] ==> ignore
    arg [-plugin-opt=-pass-through=-lgcc_s] ==> ignore
    arg [-plugin-opt=-pass-through=-lgcc] ==> ignore
    arg [-plugin-opt=-pass-through=-lc] ==> ignore
    arg [-plugin-opt=-pass-through=-lgcc_s] ==> ignore
    arg [-plugin-opt=-pass-through=-lgcc] ==> ignore
    arg [--sysroot=/] ==> ignore
    arg [--build-id] ==> ignore
    arg [--eh-frame-hdr] ==> ignore
    arg [-m] ==> ignore
    arg [elf_x86_64] ==> ignore
    arg [--hash-style=gnu] ==> ignore
    arg [--as-needed] ==> ignore
    arg [-export-dynamic] ==> ignore
    arg [-dynamic-linker] ==> ignore
    arg [/lib64/ld-linux-x86-64.so.2] ==> ignore
    arg [-pie] ==> ignore
    arg [-znow] ==> ignore
    arg [-zrelro] ==> ignore
    arg [-o] ==> ignore
    arg [cmTC_2f78f] ==> ignore
    arg [/usr/lib/gcc/x86_64-linux-gnu/7/../../../x86_64-linux-gnu/Scrt1.o] ==> ignore
    arg [/usr/lib/gcc/x86_64-linux-gnu/7/../../../x86_64-linux-gnu/crti.o] ==> ignore
    arg [/usr/lib/gcc/x86_64-linux-gnu/7/crtbeginS.o] ==> ignore
    arg [-L/usr/lib/gcc/x86_64-linux-gnu/7] ==> dir [/usr/lib/gcc/x86_64-linux-gnu/7]
    arg [-L/usr/lib/gcc/x86_64-linux-gnu/7/../../../x86_64-linux-gnu] ==> dir [/usr/lib/gcc/x86_64-linux-gnu/7/../../../x86_64-linux-gnu]
    arg [-L/usr/lib/gcc/x86_64-linux-gnu/7/../../../../lib] ==> dir [/usr/lib/gcc/x86_64-linux-gnu/7/../../../../lib]
    arg [-L/lib/x86_64-linux-gnu] ==> dir [/lib/x86_64-linux-gnu]
    arg [-L/lib/../lib] ==> dir [/lib/../lib]
    arg [-L/usr/lib/x86_64-linux-gnu] ==> dir [/usr/lib/x86_64-linux-gnu]
    arg [-L/usr/lib/../lib] ==> dir [/usr/lib/../lib]
    arg [-L/usr/lib/gcc/x86_64-linux-gnu/7/../../..] ==> dir [/usr/lib/gcc/x86_64-linux-gnu/7/../../..]
    arg [CMakeFiles/cmTC_2f78f.dir/CMakeCXXCompilerABI.cpp.o] ==> ignore
    arg [-lstdc++] ==> lib [stdc++]
    arg [-lm] ==> lib [m]
    arg [-lgcc_s] ==> lib [gcc_s]
    arg [-lgcc] ==> lib [gcc]
    arg [-lc] ==> lib [c]
    arg [-lgcc_s] ==> lib [gcc_s]
    arg [-lgcc] ==> lib [gcc]
    arg [/usr/lib/gcc/x86_64-linux-gnu/7/crtendS.o] ==> ignore
    arg [/usr/lib/gcc/x86_64-linux-gnu/7/../../../x86_64-linux-gnu/crtn.o] ==> ignore
  collapse library dir [/usr/lib/gcc/x86_64-linux-gnu/7] ==> [/usr/lib/gcc/x86_64-linux-gnu/7]
  collapse library dir [/usr/lib/gcc/x86_64-linux-gnu/7/../../../x86_64-linux-gnu] ==> [/usr/lib/x86_64-linux-gnu]
  collapse library dir [/usr/lib/gcc/x86_64-linux-gnu/7/../../../../lib] ==> [/usr/lib]
  collapse library dir [/lib/x86_64-linux-gnu] ==> [/lib/x86_64-linux-gnu]
  collapse library dir [/lib/../lib] ==> [/lib]
  collapse library dir [/usr/lib/x86_64-linux-gnu] ==> [/usr/lib/x86_64-linux-gnu]
  collapse library dir [/usr/lib/../lib] ==> [/usr/lib]
  collapse library dir [/usr/lib/gcc/x86_64-linux-gnu/7/../../..] ==> [/usr/lib]
  implicit libs: [stdc++;m;gcc_s;gcc;c;gcc_s;gcc]
  implicit dirs: [/usr/lib/gcc/x86_64-linux-gnu/7;/usr/lib/x86_64-linux-gnu;/usr/lib;/lib/x86_64-linux-gnu;/lib]
  implicit fwks: []




Detecting CXX [-std=c++1z] compiler features compiled with the following output:
Change Dir: /home/santi/repos/chunchunmaru/Libraries/openal-soft/build/CMakeFiles/CMakeTmp

Run Build Command:"/usr/bin/make" "cmTC_5c4e3/fast"
make[1]: Entering directory '/home/santi/repos/chunchunmaru/Libraries/openal-soft/build/CMakeFiles/CMakeTmp'
/usr/bin/make -f CMakeFiles/cmTC_5c4e3.dir/build.make CMakeFiles/cmTC_5c4e3.dir/build
make[2]: Entering directory '/home/santi/repos/chunchunmaru/Libraries/openal-soft/build/CMakeFiles/CMakeTmp'
Building CXX object CMakeFiles/cmTC_5c4e3.dir/feature_tests.cxx.o
/usr/bin/c++    -std=c++1z -o CMakeFiles/cmTC_5c4e3.dir/feature_tests.cxx.o -c /home/santi/repos/chunchunmaru/Libraries/openal-soft/build/CMakeFiles/feature_tests.cxx
Linking CXX executable cmTC_5c4e3
/usr/bin/cmake -E cmake_link_script CMakeFiles/cmTC_5c4e3.dir/link.txt --verbose=1
/usr/bin/c++       -rdynamic CMakeFiles/cmTC_5c4e3.dir/feature_tests.cxx.o  -o cmTC_5c4e3 
make[2]: Leaving directory '/home/santi/repos/chunchunmaru/Libraries/openal-soft/build/CMakeFiles/CMakeTmp'
make[1]: Leaving directory '/home/santi/repos/chunchunmaru/Libraries/openal-soft/build/CMakeFiles/CMakeTmp'


    Feature record: CXX_FEATURE:1cxx_aggregate_default_initializers
    Feature record: CXX_FEATURE:1cxx_alias_templates
    Feature record: CXX_FEATURE:1cxx_alignas
    Feature record: CXX_FEATURE:1cxx_alignof
    Feature record: CXX_FEATURE:1cxx_attributes
    Feature record: CXX_FEATURE:1cxx_attribute_deprecated
    Feature record: CXX_FEATURE:1cxx_auto_type
    Feature record: CXX_FEATURE:1cxx_binary_literals
    Feature record: CXX_FEATURE:1cxx_constexpr
    Feature record: CXX_FEATURE:1cxx_contextual_conversions
    Feature record: CXX_FEATURE:1cxx_decltype
    Feature record: CXX_FEATURE:1cxx_decltype_auto
    Feature record: CXX_FEATURE:1cxx_decltype_incomplete_return_types
    Feature record: CXX_FEATURE:1cxx_default_function_template_args
    Feature record: CXX_FEATURE:1cxx_defaulted_functions
    Feature record: CXX_FEATURE:1cxx_defaulted_move_initializers
    Feature record: CXX_FEATURE:1cxx_delegating_constructors
    Feature record: CXX_FEATURE:1cxx_deleted_functions
    Feature record: CXX_FEATURE:1cxx_digit_separators
    Feature record: CXX_FEATURE:1cxx_enum_forward_declarations
    Feature record: CXX_FEATURE:1cxx_explicit_conversions
    Feature record: CXX_FEATURE:1cxx_extended_friend_declarations
    Feature record: CXX_FEATURE:1cxx_extern_templates
    Feature record: CXX_FEATURE:1cxx_final
    Feature record: CXX_FEATURE:1cxx_func_identifier
    Feature record: CXX_FEATURE:1cxx_generalized_initializers
    Feature record: CXX_FEATURE:1cxx_generic_lambdas
    Feature record: CXX_FEATURE:1cxx_inheriting_constructors
    Feature record: CXX_FEATURE:1cxx_inline_namespaces
    Feature record: CXX_FEATURE:1cxx_lambdas
    Feature record: CXX_FEATURE:1cxx_lambda_init_captures
    Feature record: CXX_FEATURE:1cxx_local_type_template_args
    Feature record: CXX_FEATURE:1cxx_long_long_type
    Feature record: CXX_FEATURE:1cxx_noexcept
    Feature record: CXX_FEATURE:1cxx_nonstatic_member_init
    Feature record: CXX_FEATURE:1cxx_nullptr
    Feature record: CXX_FEATURE:1cxx_override
    Feature record: CXX_FEATURE:1cxx_range_for
    Feature record: CXX_FEATURE:1cxx_raw_string_literals
    Feature record: CXX_FEATURE:1cxx_reference_qualified_functions
    Feature record: CXX_FEATURE:1cxx_relaxed_constexpr
    Feature record: CXX_FEATURE:1cxx_return_type_deduction
    Feature record: CXX_FEATURE:1cxx_right_angle_brackets
    Feature record: CXX_FEATURE:1cxx_rvalue_references
    Feature record: CXX_FEATURE:1cxx_sizeof_member
    Feature record: CXX_FEATURE:1cxx_static_assert
    Feature record: CXX_FEATURE:1cxx_strong_enums
    Feature record: CXX_FEATURE:1cxx_template_template_parameters
    Feature record: CXX_FEATURE:1cxx_thread_local
    Feature record: CXX_FEATURE:1cxx_trailing_return_types
    Feature record: CXX_FEATURE:1cxx_unicode_literals
    Feature record: CXX_FEATURE:1cxx_uniform_initialization
    Feature record: CXX_FEATURE:1cxx_unrestricted_unions
    Feature record: CXX_FEATURE:1cxx_user_literals
    Feature record: CXX_FEATURE:1cxx_variable_templates
    Feature record: CXX_FEATURE:1cxx_variadic_macros
    Feature record: CXX_FEATURE:1cxx_variadic_templates


Detecting CXX [-std=c++14] compiler features compiled with the following output:
Change Dir: /home/santi/repos/chunchunmaru/Libraries/openal-soft/build/CMakeFiles/CMakeTmp

Run Build Command:"/usr/bin/make" "cmTC_7abd0/fast"
make[1]: Entering directory '/home/santi/repos/chunchunmaru/Libraries/openal-soft/build/CMakeFiles/CMakeTmp'
/usr/bin/make -f CMakeFiles/cmTC_7abd0.dir/build.make CMakeFiles/cmTC_7abd0.dir/build
make[2]: Entering directory '/home/santi/repos/chunchunmaru/Libraries/openal-soft/build/CMakeFiles/CMakeTmp'
Building CXX object CMakeFiles/cmTC_7abd0.dir/feature_tests.cxx.o
/usr/bin/c++    -std=c++14 -o CMakeFiles/cmTC_7abd0.dir/feature_tests.cxx.o -c /home/santi/repos/chunchunmaru/Libraries/openal-soft/build/CMakeFiles/feature_tests.cxx
Linking CXX executable cmTC_7abd0
/usr/bin/cmake -E cmake_link_script CMakeFiles/cmTC_7abd0.dir/link.txt --verbose=1
/usr/bin/c++       -rdynamic CMakeFiles/cmTC_7abd0.dir/feature_tests.cxx.o  -o cmTC_7abd0 
make[2]: Leaving directory '/home/santi/repos/chunchunmaru/Libraries/openal-soft/build/CMakeFiles/CMakeTmp'
make[1]: Leaving directory '/home/santi/repos/chunchunmaru/Libraries/openal-soft/build/CMakeFiles/CMakeTmp'


    Feature record: CXX_FEATURE:1cxx_aggregate_default_initializers
    Feature record: CXX_FEATURE:1cxx_alias_templates
    Feature record: CXX_FEATURE:1cxx_alignas
    Feature record: CXX_FEATURE:1cxx_alignof
    Feature record: CXX_FEATURE:1cxx_attributes
    Feature record: CXX_FEATURE:1cxx_attribute_deprecated
    Feature record: CXX_FEATURE:1cxx_auto_type
    Feature record: CXX_FEATURE:1cxx_binary_literals
    Feature record: CXX_FEATURE:1cxx_constexpr
    Feature record: CXX_FEATURE:1cxx_contextual_conversions
    Feature record: CXX_FEATURE:1cxx_decltype
    Feature record: CXX_FEATURE:1cxx_decltype_auto
    Feature record: CXX_FEATURE:1cxx_decltype_incomplete_return_types
    Feature record: CXX_FEATURE:1cxx_default_function_template_args
    Feature record: CXX_FEATURE:1cxx_defaulted_functions
    Feature record: CXX_FEATURE:1cxx_defaulted_move_initializers
    Feature record: CXX_FEATURE:1cxx_delegating_constructors
    Feature record: CXX_FEATURE:1cxx_deleted_functions
    Feature record: CXX_FEATURE:1cxx_digit_separators
    Feature record: CXX_FEATURE:1cxx_enum_forward_declarations
    Feature record: CXX_FEATURE:1cxx_explicit_conversions
    Feature record: CXX_FEATURE:1cxx_extended_friend_declarations
    Feature record: CXX_FEATURE:1cxx_extern_templates
    Feature record: CXX_FEATURE:1cxx_final
    Feature record: CXX_FEATURE:1cxx_func_identifier
    Feature record: CXX_FEATURE:1cxx_generalized_initializers
    Feature record: CXX_FEATURE:1cxx_generic_lambdas
    Feature record: CXX_FEATURE:1cxx_inheriting_constructors
    Feature record: CXX_FEATURE:1cxx_inline_namespaces
    Feature record: CXX_FEATURE:1cxx_lambdas
    Feature record: CXX_FEATURE:1cxx_lambda_init_captures
    Feature record: CXX_FEATURE:1cxx_local_type_template_args
    Feature record: CXX_FEATURE:1cxx_long_long_type
    Feature record: CXX_FEATURE:1cxx_noexcept
    Feature record: CXX_FEATURE:1cxx_nonstatic_member_init
    Feature record: CXX_FEATURE:1cxx_nullptr
    Feature record: CXX_FEATURE:1cxx_override
    Feature record: CXX_FEATURE:1cxx_range_for
    Feature record: CXX_FEATURE:1cxx_raw_string_literals
    Feature record: CXX_FEATURE:1cxx_reference_qualified_functions
    Feature record: CXX_FEATURE:1cxx_relaxed_constexpr
    Feature record: CXX_FEATURE:1cxx_return_type_deduction
    Feature record: CXX_FEATURE:1cxx_right_angle_brackets
    Feature record: CXX_FEATURE:1cxx_rvalue_references
    Feature record: CXX_FEATURE:1cxx_sizeof_member
    Feature record: CXX_FEATURE:1cxx_static_assert
    Feature record: CXX_FEATURE:1cxx_strong_enums
    Feature record: CXX_FEATURE:1cxx_template_template_parameters
    Feature record: CXX_FEATURE:1cxx_thread_local
    Feature record: CXX_FEATURE:1cxx_trailing_return_types
    Feature record: CXX_FEATURE:1cxx_unicode_literals
    Feature record: CXX_FEATURE:1cxx_uniform_initialization
    Feature record: CXX_FEATURE:1cxx_unrestricted_unions
    Feature record: CXX_FEATURE:1cxx_user_literals
    Feature record: CXX_FEATURE:1cxx_variable_templates
    Feature record: CXX_FEATURE:1cxx_variadic_macros
    Feature record: CXX_FEATURE:1cxx_variadic_templates


Detecting CXX [-std=c++11] compiler features compiled with the following output:
Change Dir: /home/santi/repos/chunchunmaru/Libraries/openal-soft/build/CMakeFiles/CMakeTmp

Run Build Command:"/usr/bin/make" "cmTC_07699/fast"
make[1]: Entering directory '/home/santi/repos/chunchunmaru/Libraries/openal-soft/build/CMakeFiles/CMakeTmp'
/usr/bin/make -f CMakeFiles/cmTC_07699.dir/build.make CMakeFiles/cmTC_07699.dir/build
make[2]: Entering directory '/home/santi/repos/chunchunmaru/Libraries/openal-soft/build/CMakeFiles/CMakeTmp'
Building CXX object CMakeFiles/cmTC_07699.dir/feature_tests.cxx.o
/usr/bin/c++    -std=c++11 -o CMakeFiles/cmTC_07699.dir/feature_tests.cxx.o -c /home/santi/repos/chunchunmaru/Libraries/openal-soft/build/CMakeFiles/feature_tests.cxx
Linking CXX executable cmTC_07699
/usr/bin/cmake -E cmake_link_script CMakeFiles/cmTC_07699.dir/link.txt --verbose=1
/usr/bin/c++       -rdynamic CMakeFiles/cmTC_07699.dir/feature_tests.cxx.o  -o cmTC_07699 
make[2]: Leaving directory '/home/santi/repos/chunchunmaru/Libraries/openal-soft/build/CMakeFiles/CMakeTmp'
make[1]: Leaving directory '/home/santi/repos/chunchunmaru/Libraries/openal-soft/build/CMakeFiles/CMakeTmp'


    Feature record: CXX_FEATURE:0cxx_aggregate_default_initializers
    Feature record: CXX_FEATURE:1cxx_alias_templates
    Feature record: CXX_FEATURE:1cxx_alignas
    Feature record: CXX_FEATURE:1cxx_alignof
    Feature record: CXX_FEATURE:1cxx_attributes
    Feature record: CXX_FEATURE:0cxx_attribute_deprecated
    Feature record: CXX_FEATURE:1cxx_auto_type
    Feature record: CXX_FEATURE:0cxx_binary_literals
    Feature record: CXX_FEATURE:1cxx_constexpr
    Feature record: CXX_FEATURE:0cxx_contextual_conversions
    Feature record: CXX_FEATURE:1cxx_decltype
    Feature record: CXX_FEATURE:0cxx_decltype_auto
    Feature record: CXX_FEATURE:1cxx_decltype_incomplete_return_types
    Feature record: CXX_FEATURE:1cxx_default_function_template_args
    Feature record: CXX_FEATURE:1cxx_defaulted_functions
    Feature record: CXX_FEATURE:1cxx_defaulted_move_initializers
    Feature record: CXX_FEATURE:1cxx_delegating_constructors
    Feature record: CXX_FEATURE:1cxx_deleted_functions
    Feature record: CXX_FEATURE:0cxx_digit_separators
    Feature record: CXX_FEATURE:1cxx_enum_forward_declarations
    Feature record: CXX_FEATURE:1cxx_explicit_conversions
    Feature record: CXX_FEATURE:1cxx_extended_friend_declarations
    Feature record: CXX_FEATURE:1cxx_extern_templates
    Feature record: CXX_FEATURE:1cxx_final
    Feature record: CXX_FEATURE:1cxx_func_identifier
    Feature record: CXX_FEATURE:1cxx_generalized_initializers
    Feature record: CXX_FEATURE:0cxx_generic_lambdas
    Feature record: CXX_FEATURE:1cxx_inheriting_constructors
    Feature record: CXX_FEATURE:1cxx_inline_namespaces
    Feature record: CXX_FEATURE:1cxx_lambdas
    Feature record: CXX_FEATURE:0cxx_lambda_init_captures
    Feature record: CXX_FEATURE:1cxx_local_type_template_args
    Feature record: CXX_FEATURE:1cxx_long_long_type
    Feature record: CXX_FEATURE:1cxx_noexcept
    Feature record: CXX_FEATURE:1cxx_nonstatic_member_init
    Feature record: CXX_FEATURE:1cxx_nullptr
    Feature record: CXX_FEATURE:1cxx_override
    Feature record: CXX_FEATURE:1cxx_range_for
    Feature record: CXX_FEATURE:1cxx_raw_string_literals
    Feature record: CXX_FEATURE:1cxx_reference_qualified_functions
    Feature record: CXX_FEATURE:0cxx_relaxed_constexpr
    Feature record: CXX_FEATURE:0cxx_return_type_deduction
    Feature record: CXX_FEATURE:1cxx_right_angle_brackets
    Feature record: CXX_FEATURE:1cxx_rvalue_references
    Feature record: CXX_FEATURE:1cxx_sizeof_member
    Feature record: CXX_FEATURE:1cxx_static_assert
    Feature record: CXX_FEATURE:1cxx_strong_enums
    Feature record: CXX_FEATURE:1cxx_template_template_parameters
    Feature record: CXX_FEATURE:1cxx_thread_local
    Feature record: CXX_FEATURE:1cxx_trailing_return_types
    Feature record: CXX_FEATURE:1cxx_unicode_literals
    Feature record: CXX_FEATURE:1cxx_uniform_initialization
    Feature record: CXX_FEATURE:1cxx_unrestricted_unions
    Feature record: CXX_FEATURE:1cxx_user_literals
    Feature record: CXX_FEATURE:0cxx_variable_templates
    Feature record: CXX_FEATURE:1cxx_variadic_macros
    Feature record: CXX_FEATURE:1cxx_variadic_templates


Detecting CXX [-std=c++98] compiler features compiled with the following output:
Change Dir: /home/santi/repos/chunchunmaru/Libraries/openal-soft/build/CMakeFiles/CMakeTmp

Run Build Command:"/usr/bin/make" "cmTC_78b26/fast"
make[1]: Entering directory '/home/santi/repos/chunchunmaru/Libraries/openal-soft/build/CMakeFiles/CMakeTmp'
/usr/bin/make -f CMakeFiles/cmTC_78b26.dir/build.make CMakeFiles/cmTC_78b26.dir/build
make[2]: Entering directory '/home/santi/repos/chunchunmaru/Libraries/openal-soft/build/CMakeFiles/CMakeTmp'
Building CXX object CMakeFiles/cmTC_78b26.dir/feature_tests.cxx.o
/usr/bin/c++    -std=c++98 -o CMakeFiles/cmTC_78b26.dir/feature_tests.cxx.o -c /home/santi/repos/chunchunmaru/Libraries/openal-soft/build/CMakeFiles/feature_tests.cxx
Linking CXX executable cmTC_78b26
/usr/bin/cmake -E cmake_link_script CMakeFiles/cmTC_78b26.dir/link.txt --verbose=1
/usr/bin/c++       -rdynamic CMakeFiles/cmTC_78b26.dir/feature_tests.cxx.o  -o cmTC_78b26 
make[2]: Leaving directory '/home/santi/repos/chunchunmaru/Libraries/openal-soft/build/CMakeFiles/CMakeTmp'
make[1]: Leaving directory '/home/santi/repos/chunchunmaru/Libraries/openal-soft/build/CMakeFiles/CMakeTmp'


    Feature record: CXX_FEATURE:0cxx_aggregate_default_initializers
    Feature record: CXX_FEATURE:0cxx_alias_templates
    Feature record: CXX_FEATURE:0cxx_alignas
    Feature record: CXX_FEATURE:0cxx_alignof
    Feature record: CXX_FEATURE:0cxx_attributes
    Feature record: CXX_FEATURE:0cxx_attribute_deprecated
    Feature record: CXX_FEATURE:0cxx_auto_type
    Feature record: CXX_FEATURE:0cxx_binary_literals
    Feature record: CXX_FEATURE:0cxx_constexpr
    Feature record: CXX_FEATURE:0cxx_contextual_conversions
    Feature record: CXX_FEATURE:0cxx_decltype
    Feature record: CXX_FEATURE:0cxx_decltype_auto
    Feature record: CXX_FEATURE:0cxx_decltype_incomplete_return_types
    Feature record: CXX_FEATURE:0cxx_default_function_template_args
    Feature record: CXX_FEATURE:0cxx_defaulted_functions
    Feature record: CXX_FEATURE:0cxx_defaulted_move_initializers
    Feature record: CXX_FEATURE:0cxx_delegating_constructors
    Feature record: CXX_FEATURE:0cxx_deleted_functions
    Feature record: CXX_FEATURE:0cxx_digit_separators
    Feature record: CXX_FEATURE:0cxx_enum_forward_declarations
    Feature record: CXX_FEATURE:0cxx_explicit_conversions
    Feature record: CXX_FEATURE:0cxx_extended_friend_declarations
    Feature record: CXX_FEATURE:0cxx_extern_templates
    Feature record: CXX_FEATURE:0cxx_final
    Feature record: CXX_FEATURE:0cxx_func_identifier
    Feature record: CXX_FEATURE:0cxx_generalized_initializers
    Feature record: CXX_FEATURE:0cxx_generic_lambdas
    Feature record: CXX_FEATURE:0cxx_inheriting_constructors
    Feature record: CXX_FEATURE:0cxx_inline_namespaces
    Feature record: CXX_FEATURE:0cxx_lambdas
    Feature record: CXX_FEATURE:0cxx_lambda_init_captures
    Feature record: CXX_FEATURE:0cxx_local_type_template_args
    Feature record: CXX_FEATURE:0cxx_long_long_type
    Feature record: CXX_FEATURE:0cxx_noexcept
    Feature record: CXX_FEATURE:0cxx_nonstatic_member_init
    Feature record: CXX_FEATURE:0cxx_nullptr
    Feature record: CXX_FEATURE:0cxx_override
    Feature record: CXX_FEATURE:0cxx_range_for
    Feature record: CXX_FEATURE:0cxx_raw_string_literals
    Feature record: CXX_FEATURE:0cxx_reference_qualified_functions
    Feature record: CXX_FEATURE:0cxx_relaxed_constexpr
    Feature record: CXX_FEATURE:0cxx_return_type_deduction
    Feature record: CXX_FEATURE:0cxx_right_angle_brackets
    Feature record: CXX_FEATURE:0cxx_rvalue_references
    Feature record: CXX_FEATURE:0cxx_sizeof_member
    Feature record: CXX_FEATURE:0cxx_static_assert
    Feature record: CXX_FEATURE:0cxx_strong_enums
    Feature record: CXX_FEATURE:1cxx_template_template_parameters
    Feature record: CXX_FEATURE:0cxx_thread_local
    Feature record: CXX_FEATURE:0cxx_trailing_return_types
    Feature record: CXX_FEATURE:0cxx_unicode_literals
    Feature record: CXX_FEATURE:0cxx_uniform_initialization
    Feature record: CXX_FEATURE:0cxx_unrestricted_unions
    Feature record: CXX_FEATURE:0cxx_user_literals
    Feature record: CXX_FEATURE:0cxx_variable_templates
    Feature record: CXX_FEATURE:0cxx_variadic_macros
    Feature record: CXX_FEATURE:0cxx_variadic_templates
Determining if the include file sys/types.h exists passed with the following output:
Change Dir: /home/santi/repos/chunchunmaru/Libraries/openal-soft/build/CMakeFiles/CMakeTmp

Run Build Command:"/usr/bin/make" "cmTC_2c091/fast"
make[1]: Entering directory '/home/santi/repos/chunchunmaru/Libraries/openal-soft/build/CMakeFiles/CMakeTmp'
/usr/bin/make -f CMakeFiles/cmTC_2c091.dir/build.make CMakeFiles/cmTC_2c091.dir/build
make[2]: Entering directory '/home/santi/repos/chunchunmaru/Libraries/openal-soft/build/CMakeFiles/CMakeTmp'
Building C object CMakeFiles/cmTC_2c091.dir/CheckIncludeFile.c.o
/usr/bin/cc    -o CMakeFiles/cmTC_2c091.dir/CheckIncludeFile.c.o   -c /home/santi/repos/chunchunmaru/Libraries/openal-soft/build/CMakeFiles/CMakeTmp/CheckIncludeFile.c
Linking C executable cmTC_2c091
/usr/bin/cmake -E cmake_link_script CMakeFiles/cmTC_2c091.dir/link.txt --verbose=1
/usr/bin/cc      -rdynamic CMakeFiles/cmTC_2c091.dir/CheckIncludeFile.c.o  -o cmTC_2c091 
make[2]: Leaving directory '/home/santi/repos/chunchunmaru/Libraries/openal-soft/build/CMakeFiles/CMakeTmp'
make[1]: Leaving directory '/home/santi/repos/chunchunmaru/Libraries/openal-soft/build/CMakeFiles/CMakeTmp'


Determining if the include file stdint.h exists passed with the following output:
Change Dir: /home/santi/repos/chunchunmaru/Libraries/openal-soft/build/CMakeFiles/CMakeTmp

Run Build Command:"/usr/bin/make" "cmTC_0eda4/fast"
make[1]: Entering directory '/home/santi/repos/chunchunmaru/Libraries/openal-soft/build/CMakeFiles/CMakeTmp'
/usr/bin/make -f CMakeFiles/cmTC_0eda4.dir/build.make CMakeFiles/cmTC_0eda4.dir/build
make[2]: Entering directory '/home/santi/repos/chunchunmaru/Libraries/openal-soft/build/CMakeFiles/CMakeTmp'
Building C object CMakeFiles/cmTC_0eda4.dir/CheckIncludeFile.c.o
/usr/bin/cc    -o CMakeFiles/cmTC_0eda4.dir/CheckIncludeFile.c.o   -c /home/santi/repos/chunchunmaru/Libraries/openal-soft/build/CMakeFiles/CMakeTmp/CheckIncludeFile.c
Linking C executable cmTC_0eda4
/usr/bin/cmake -E cmake_link_script CMakeFiles/cmTC_0eda4.dir/link.txt --verbose=1
/usr/bin/cc      -rdynamic CMakeFiles/cmTC_0eda4.dir/CheckIncludeFile.c.o  -o cmTC_0eda4 
make[2]: Leaving directory '/home/santi/repos/chunchunmaru/Libraries/openal-soft/build/CMakeFiles/CMakeTmp'
make[1]: Leaving directory '/home/santi/repos/chunchunmaru/Libraries/openal-soft/build/CMakeFiles/CMakeTmp'


Determining if the include file stddef.h exists passed with the following output:
Change Dir: /home/santi/repos/chunchunmaru/Libraries/openal-soft/build/CMakeFiles/CMakeTmp

Run Build Command:"/usr/bin/make" "cmTC_284af/fast"
make[1]: Entering directory '/home/santi/repos/chunchunmaru/Libraries/openal-soft/build/CMakeFiles/CMakeTmp'
/usr/bin/make -f CMakeFiles/cmTC_284af.dir/build.make CMakeFiles/cmTC_284af.dir/build
make[2]: Entering directory '/home/santi/repos/chunchunmaru/Libraries/openal-soft/build/CMakeFiles/CMakeTmp'
Building C object CMakeFiles/cmTC_284af.dir/CheckIncludeFile.c.o
/usr/bin/cc    -o CMakeFiles/cmTC_284af.dir/CheckIncludeFile.c.o   -c /home/santi/repos/chunchunmaru/Libraries/openal-soft/build/CMakeFiles/CMakeTmp/CheckIncludeFile.c
Linking C executable cmTC_284af
/usr/bin/cmake -E cmake_link_script CMakeFiles/cmTC_284af.dir/link.txt --verbose=1
/usr/bin/cc      -rdynamic CMakeFiles/cmTC_284af.dir/CheckIncludeFile.c.o  -o cmTC_284af 
make[2]: Leaving directory '/home/santi/repos/chunchunmaru/Libraries/openal-soft/build/CMakeFiles/CMakeTmp'
make[1]: Leaving directory '/home/santi/repos/chunchunmaru/Libraries/openal-soft/build/CMakeFiles/CMakeTmp'


Determining size of long passed with the following output:
Change Dir: /home/santi/repos/chunchunmaru/Libraries/openal-soft/build/CMakeFiles/CMakeTmp

Run Build Command:"/usr/bin/make" "cmTC_50b1b/fast"
make[1]: Entering directory '/home/santi/repos/chunchunmaru/Libraries/openal-soft/build/CMakeFiles/CMakeTmp'
/usr/bin/make -f CMakeFiles/cmTC_50b1b.dir/build.make CMakeFiles/cmTC_50b1b.dir/build
make[2]: Entering directory '/home/santi/repos/chunchunmaru/Libraries/openal-soft/build/CMakeFiles/CMakeTmp'
Building C object CMakeFiles/cmTC_50b1b.dir/SIZEOF_LONG.c.o
/usr/bin/cc    -o CMakeFiles/cmTC_50b1b.dir/SIZEOF_LONG.c.o   -c /home/santi/repos/chunchunmaru/Libraries/openal-soft/build/CMakeFiles/CheckTypeSize/SIZEOF_LONG.c
Linking C executable cmTC_50b1b
/usr/bin/cmake -E cmake_link_script CMakeFiles/cmTC_50b1b.dir/link.txt --verbose=1
/usr/bin/cc      -rdynamic CMakeFiles/cmTC_50b1b.dir/SIZEOF_LONG.c.o  -o cmTC_50b1b 
make[2]: Leaving directory '/home/santi/repos/chunchunmaru/Libraries/openal-soft/build/CMakeFiles/CMakeTmp'
make[1]: Leaving directory '/home/santi/repos/chunchunmaru/Libraries/openal-soft/build/CMakeFiles/CMakeTmp'


Determining if the posix_memalign exist passed with the following output:
Change Dir: /home/santi/repos/chunchunmaru/Libraries/openal-soft/build/CMakeFiles/CMakeTmp

Run Build Command:"/usr/bin/make" "cmTC_fe7f9/fast"
make[1]: Entering directory '/home/santi/repos/chunchunmaru/Libraries/openal-soft/build/CMakeFiles/CMakeTmp'
/usr/bin/make -f CMakeFiles/cmTC_fe7f9.dir/build.make CMakeFiles/cmTC_fe7f9.dir/build
make[2]: Entering directory '/home/santi/repos/chunchunmaru/Libraries/openal-soft/build/CMakeFiles/CMakeTmp'
Building C object CMakeFiles/cmTC_fe7f9.dir/CheckSymbolExists.c.o
/usr/bin/cc    -o CMakeFiles/cmTC_fe7f9.dir/CheckSymbolExists.c.o   -c /home/santi/repos/chunchunmaru/Libraries/openal-soft/build/CMakeFiles/CMakeTmp/CheckSymbolExists.c
Linking C executable cmTC_fe7f9
/usr/bin/cmake -E cmake_link_script CMakeFiles/cmTC_fe7f9.dir/link.txt --verbose=1
/usr/bin/cc      -rdynamic CMakeFiles/cmTC_fe7f9.dir/CheckSymbolExists.c.o  -o cmTC_fe7f9 
make[2]: Leaving directory '/home/santi/repos/chunchunmaru/Libraries/openal-soft/build/CMakeFiles/CMakeTmp'
make[1]: Leaving directory '/home/santi/repos/chunchunmaru/Libraries/openal-soft/build/CMakeFiles/CMakeTmp'

File /home/santi/repos/chunchunmaru/Libraries/openal-soft/build/CMakeFiles/CMakeTmp/CheckSymbolExists.c:
/* */
#include <stdlib.h>

int main(int argc, char** argv)
{
  (void)argv;
#ifndef posix_memalign
  return ((int*)(&posix_memalign))[argc];
#else
  (void)argc;
  return 0;
#endif
}

Performing C++ SOURCE FILE Test HAVE___RESTRICT succeeded with the following output:
Change Dir: /home/santi/repos/chunchunmaru/Libraries/openal-soft/build/CMakeFiles/CMakeTmp

Run Build Command:"/usr/bin/make" "cmTC_91a0d/fast"
make[1]: Entering directory '/home/santi/repos/chunchunmaru/Libraries/openal-soft/build/CMakeFiles/CMakeTmp'
/usr/bin/make -f CMakeFiles/cmTC_91a0d.dir/build.make CMakeFiles/cmTC_91a0d.dir/build
make[2]: Entering directory '/home/santi/repos/chunchunmaru/Libraries/openal-soft/build/CMakeFiles/CMakeTmp'
Building CXX object CMakeFiles/cmTC_91a0d.dir/src.cxx.o
/usr/bin/c++    -DHAVE___RESTRICT   -o CMakeFiles/cmTC_91a0d.dir/src.cxx.o -c /home/santi/repos/chunchunmaru/Libraries/openal-soft/build/CMakeFiles/CMakeTmp/src.cxx
Linking CXX executable cmTC_91a0d
/usr/bin/cmake -E cmake_link_script CMakeFiles/cmTC_91a0d.dir/link.txt --verbose=1
/usr/bin/c++   -DHAVE___RESTRICT    -rdynamic CMakeFiles/cmTC_91a0d.dir/src.cxx.o  -o cmTC_91a0d 
make[2]: Leaving directory '/home/santi/repos/chunchunmaru/Libraries/openal-soft/build/CMakeFiles/CMakeTmp'
make[1]: Leaving directory '/home/santi/repos/chunchunmaru/Libraries/openal-soft/build/CMakeFiles/CMakeTmp'

Source file was:
int *__restrict foo;
int main() { return 0; }
Performing C++ SOURCE FILE Test HAVE_LIBATOMIC succeeded with the following output:
Change Dir: /home/santi/repos/chunchunmaru/Libraries/openal-soft/build/CMakeFiles/CMakeTmp

Run Build Command:"/usr/bin/make" "cmTC_259ad/fast"
make[1]: Entering directory '/home/santi/repos/chunchunmaru/Libraries/openal-soft/build/CMakeFiles/CMakeTmp'
/usr/bin/make -f CMakeFiles/cmTC_259ad.dir/build.make CMakeFiles/cmTC_259ad.dir/build
make[2]: Entering directory '/home/santi/repos/chunchunmaru/Libraries/openal-soft/build/CMakeFiles/CMakeTmp'
Building CXX object CMakeFiles/cmTC_259ad.dir/src.cxx.o
/usr/bin/c++    -DHAVE_LIBATOMIC   -o CMakeFiles/cmTC_259ad.dir/src.cxx.o -c /home/santi/repos/chunchunmaru/Libraries/openal-soft/build/CMakeFiles/CMakeTmp/src.cxx
Linking CXX executable cmTC_259ad
/usr/bin/cmake -E cmake_link_script CMakeFiles/cmTC_259ad.dir/link.txt --verbose=1
/usr/bin/c++   -DHAVE_LIBATOMIC    -rdynamic CMakeFiles/cmTC_259ad.dir/src.cxx.o  -o cmTC_259ad -latomic 
make[2]: Leaving directory '/home/santi/repos/chunchunmaru/Libraries/openal-soft/build/CMakeFiles/CMakeTmp'
make[1]: Leaving directory '/home/santi/repos/chunchunmaru/Libraries/openal-soft/build/CMakeFiles/CMakeTmp'

Source file was:
#include <atomic>
std::atomic<int> foo{0};
int main() { return foo.fetch_add(2); }
Performing C SOURCE FILE Test HAVE_FNO_MATH_ERRNO succeeded with the following output:
Change Dir: /home/santi/repos/chunchunmaru/Libraries/openal-soft/build/CMakeFiles/CMakeTmp

Run Build Command:"/usr/bin/make" "cmTC_604ff/fast"
make[1]: Entering directory '/home/santi/repos/chunchunmaru/Libraries/openal-soft/build/CMakeFiles/CMakeTmp'
/usr/bin/make -f CMakeFiles/cmTC_604ff.dir/build.make CMakeFiles/cmTC_604ff.dir/build
make[2]: Entering directory '/home/santi/repos/chunchunmaru/Libraries/openal-soft/build/CMakeFiles/CMakeTmp'
Building C object CMakeFiles/cmTC_604ff.dir/src.c.o
/usr/bin/cc   -DHAVE_FNO_MATH_ERRNO   -fno-math-errno -o CMakeFiles/cmTC_604ff.dir/src.c.o   -c /home/santi/repos/chunchunmaru/Libraries/openal-soft/build/CMakeFiles/CMakeTmp/src.c
Linking C executable cmTC_604ff
/usr/bin/cmake -E cmake_link_script CMakeFiles/cmTC_604ff.dir/link.txt --verbose=1
/usr/bin/cc  -DHAVE_FNO_MATH_ERRNO    -rdynamic CMakeFiles/cmTC_604ff.dir/src.c.o  -o cmTC_604ff -latomic 
make[2]: Leaving directory '/home/santi/repos/chunchunmaru/Libraries/openal-soft/build/CMakeFiles/CMakeTmp'
make[1]: Leaving directory '/home/santi/repos/chunchunmaru/Libraries/openal-soft/build/CMakeFiles/CMakeTmp'

Source file was:
int main(void) { return 0; }
Performing C SOURCE FILE Test HAVE_GCC_PROTECTED_VISIBILITY succeeded with the following output:
Change Dir: /home/santi/repos/chunchunmaru/Libraries/openal-soft/build/CMakeFiles/CMakeTmp

Run Build Command:"/usr/bin/make" "cmTC_2c98a/fast"
make[1]: Entering directory '/home/santi/repos/chunchunmaru/Libraries/openal-soft/build/CMakeFiles/CMakeTmp'
/usr/bin/make -f CMakeFiles/cmTC_2c98a.dir/build.make CMakeFiles/cmTC_2c98a.dir/build
make[2]: Entering directory '/home/santi/repos/chunchunmaru/Libraries/openal-soft/build/CMakeFiles/CMakeTmp'
Building C object CMakeFiles/cmTC_2c98a.dir/src.c.o
/usr/bin/cc   -DHAVE_GCC_PROTECTED_VISIBILITY  -Wattributes -Werror   -o CMakeFiles/cmTC_2c98a.dir/src.c.o   -c /home/santi/repos/chunchunmaru/Libraries/openal-soft/build/CMakeFiles/CMakeTmp/src.c
Linking C executable cmTC_2c98a
/usr/bin/cmake -E cmake_link_script CMakeFiles/cmTC_2c98a.dir/link.txt --verbose=1
/usr/bin/cc  -DHAVE_GCC_PROTECTED_VISIBILITY  -Wattributes -Werror    -rdynamic CMakeFiles/cmTC_2c98a.dir/src.c.o  -o cmTC_2c98a -latomic 
make[2]: Leaving directory '/home/santi/repos/chunchunmaru/Libraries/openal-soft/build/CMakeFiles/CMakeTmp'
make[1]: Leaving directory '/home/santi/repos/chunchunmaru/Libraries/openal-soft/build/CMakeFiles/CMakeTmp'

Source file was:
int foo() __attribute__((visibility("protected")));
                             int main() {return 0;}
Performing C SOURCE FILE Test HAVE_VISIBILITY_HIDDEN_SWITCH succeeded with the following output:
Change Dir: /home/santi/repos/chunchunmaru/Libraries/openal-soft/build/CMakeFiles/CMakeTmp

Run Build Command:"/usr/bin/make" "cmTC_45dad/fast"
make[1]: Entering directory '/home/santi/repos/chunchunmaru/Libraries/openal-soft/build/CMakeFiles/CMakeTmp'
/usr/bin/make -f CMakeFiles/cmTC_45dad.dir/build.make CMakeFiles/cmTC_45dad.dir/build
make[2]: Entering directory '/home/santi/repos/chunchunmaru/Libraries/openal-soft/build/CMakeFiles/CMakeTmp'
Building C object CMakeFiles/cmTC_45dad.dir/src.c.o
/usr/bin/cc   -DHAVE_VISIBILITY_HIDDEN_SWITCH  -Wattributes -Werror   -fvisibility=hidden -o CMakeFiles/cmTC_45dad.dir/src.c.o   -c /home/santi/repos/chunchunmaru/Libraries/openal-soft/build/CMakeFiles/CMakeTmp/src.c
Linking C executable cmTC_45dad
/usr/bin/cmake -E cmake_link_script CMakeFiles/cmTC_45dad.dir/link.txt --verbose=1
/usr/bin/cc  -DHAVE_VISIBILITY_HIDDEN_SWITCH  -Wattributes -Werror    -rdynamic CMakeFiles/cmTC_45dad.dir/src.c.o  -o cmTC_45dad -latomic 
make[2]: Leaving directory '/home/santi/repos/chunchunmaru/Libraries/openal-soft/build/CMakeFiles/CMakeTmp'
make[1]: Leaving directory '/home/santi/repos/chunchunmaru/Libraries/openal-soft/build/CMakeFiles/CMakeTmp'

Source file was:
int main(void) { return 0; }
Performing C SOURCE FILE Test HAVE_MSSE2_SWITCH succeeded with the following output:
Change Dir: /home/santi/repos/chunchunmaru/Libraries/openal-soft/build/CMakeFiles/CMakeTmp

Run Build Command:"/usr/bin/make" "cmTC_1d697/fast"
make[1]: Entering directory '/home/santi/repos/chunchunmaru/Libraries/openal-soft/build/CMakeFiles/CMakeTmp'
/usr/bin/make -f CMakeFiles/cmTC_1d697.dir/build.make CMakeFiles/cmTC_1d697.dir/build
make[2]: Entering directory '/home/santi/repos/chunchunmaru/Libraries/openal-soft/build/CMakeFiles/CMakeTmp'
Building C object CMakeFiles/cmTC_1d697.dir/src.c.o
/usr/bin/cc   -DHAVE_MSSE2_SWITCH   -msse2 -o CMakeFiles/cmTC_1d697.dir/src.c.o   -c /home/santi/repos/chunchunmaru/Libraries/openal-soft/build/CMakeFiles/CMakeTmp/src.c
Linking C executable cmTC_1d697
/usr/bin/cmake -E cmake_link_script CMakeFiles/cmTC_1d697.dir/link.txt --verbose=1
/usr/bin/cc  -DHAVE_MSSE2_SWITCH    -rdynamic CMakeFiles/cmTC_1d697.dir/src.c.o  -o cmTC_1d697 -latomic 
make[2]: Leaving directory '/home/santi/repos/chunchunmaru/Libraries/openal-soft/build/CMakeFiles/CMakeTmp'
make[1]: Leaving directory '/home/santi/repos/chunchunmaru/Libraries/openal-soft/build/CMakeFiles/CMakeTmp'

Source file was:
int main(void) { return 0; }
Performing C SOURCE FILE Test HAVE_MSSE3_SWITCH succeeded with the following output:
Change Dir: /home/santi/repos/chunchunmaru/Libraries/openal-soft/build/CMakeFiles/CMakeTmp

Run Build Command:"/usr/bin/make" "cmTC_8d007/fast"
make[1]: Entering directory '/home/santi/repos/chunchunmaru/Libraries/openal-soft/build/CMakeFiles/CMakeTmp'
/usr/bin/make -f CMakeFiles/cmTC_8d007.dir/build.make CMakeFiles/cmTC_8d007.dir/build
make[2]: Entering directory '/home/santi/repos/chunchunmaru/Libraries/openal-soft/build/CMakeFiles/CMakeTmp'
Building C object CMakeFiles/cmTC_8d007.dir/src.c.o
/usr/bin/cc   -DHAVE_MSSE3_SWITCH   -msse3 -o CMakeFiles/cmTC_8d007.dir/src.c.o   -c /home/santi/repos/chunchunmaru/Libraries/openal-soft/build/CMakeFiles/CMakeTmp/src.c
Linking C executable cmTC_8d007
/usr/bin/cmake -E cmake_link_script CMakeFiles/cmTC_8d007.dir/link.txt --verbose=1
/usr/bin/cc  -DHAVE_MSSE3_SWITCH    -rdynamic CMakeFiles/cmTC_8d007.dir/src.c.o  -o cmTC_8d007 -latomic 
make[2]: Leaving directory '/home/santi/repos/chunchunmaru/Libraries/openal-soft/build/CMakeFiles/CMakeTmp'
make[1]: Leaving directory '/home/santi/repos/chunchunmaru/Libraries/openal-soft/build/CMakeFiles/CMakeTmp'

Source file was:
int main(void) { return 0; }
Performing C SOURCE FILE Test HAVE_MSSE4_1_SWITCH succeeded with the following output:
Change Dir: /home/santi/repos/chunchunmaru/Libraries/openal-soft/build/CMakeFiles/CMakeTmp

Run Build Command:"/usr/bin/make" "cmTC_6e50c/fast"
make[1]: Entering directory '/home/santi/repos/chunchunmaru/Libraries/openal-soft/build/CMakeFiles/CMakeTmp'
/usr/bin/make -f CMakeFiles/cmTC_6e50c.dir/build.make CMakeFiles/cmTC_6e50c.dir/build
make[2]: Entering directory '/home/santi/repos/chunchunmaru/Libraries/openal-soft/build/CMakeFiles/CMakeTmp'
Building C object CMakeFiles/cmTC_6e50c.dir/src.c.o
/usr/bin/cc   -DHAVE_MSSE4_1_SWITCH   -msse4.1 -o CMakeFiles/cmTC_6e50c.dir/src.c.o   -c /home/santi/repos/chunchunmaru/Libraries/openal-soft/build/CMakeFiles/CMakeTmp/src.c
Linking C executable cmTC_6e50c
/usr/bin/cmake -E cmake_link_script CMakeFiles/cmTC_6e50c.dir/link.txt --verbose=1
/usr/bin/cc  -DHAVE_MSSE4_1_SWITCH    -rdynamic CMakeFiles/cmTC_6e50c.dir/src.c.o  -o cmTC_6e50c -latomic 
make[2]: Leaving directory '/home/santi/repos/chunchunmaru/Libraries/openal-soft/build/CMakeFiles/CMakeTmp'
make[1]: Leaving directory '/home/santi/repos/chunchunmaru/Libraries/openal-soft/build/CMakeFiles/CMakeTmp'

Source file was:
int main(void) { return 0; }
Determining if the include file xmmintrin.h exists passed with the following output:
Change Dir: /home/santi/repos/chunchunmaru/Libraries/openal-soft/build/CMakeFiles/CMakeTmp

Run Build Command:"/usr/bin/make" "cmTC_4bce1/fast"
make[1]: Entering directory '/home/santi/repos/chunchunmaru/Libraries/openal-soft/build/CMakeFiles/CMakeTmp'
/usr/bin/make -f CMakeFiles/cmTC_4bce1.dir/build.make CMakeFiles/cmTC_4bce1.dir/build
make[2]: Entering directory '/home/santi/repos/chunchunmaru/Libraries/openal-soft/build/CMakeFiles/CMakeTmp'
Building C object CMakeFiles/cmTC_4bce1.dir/CheckIncludeFile.c.o
/usr/bin/cc   -msse2    -o CMakeFiles/cmTC_4bce1.dir/CheckIncludeFile.c.o   -c /home/santi/repos/chunchunmaru/Libraries/openal-soft/build/CMakeFiles/CMakeTmp/CheckIncludeFile.c
Linking C executable cmTC_4bce1
/usr/bin/cmake -E cmake_link_script CMakeFiles/cmTC_4bce1.dir/link.txt --verbose=1
/usr/bin/cc  -msse2     -rdynamic CMakeFiles/cmTC_4bce1.dir/CheckIncludeFile.c.o  -o cmTC_4bce1 
make[2]: Leaving directory '/home/santi/repos/chunchunmaru/Libraries/openal-soft/build/CMakeFiles/CMakeTmp'
make[1]: Leaving directory '/home/santi/repos/chunchunmaru/Libraries/openal-soft/build/CMakeFiles/CMakeTmp'


Determining if the include file emmintrin.h exists passed with the following output:
Change Dir: /home/santi/repos/chunchunmaru/Libraries/openal-soft/build/CMakeFiles/CMakeTmp

Run Build Command:"/usr/bin/make" "cmTC_3d1d3/fast"
make[1]: Entering directory '/home/santi/repos/chunchunmaru/Libraries/openal-soft/build/CMakeFiles/CMakeTmp'
/usr/bin/make -f CMakeFiles/cmTC_3d1d3.dir/build.make CMakeFiles/cmTC_3d1d3.dir/build
make[2]: Entering directory '/home/santi/repos/chunchunmaru/Libraries/openal-soft/build/CMakeFiles/CMakeTmp'
Building C object CMakeFiles/cmTC_3d1d3.dir/CheckIncludeFile.c.o
/usr/bin/cc   -msse2    -o CMakeFiles/cmTC_3d1d3.dir/CheckIncludeFile.c.o   -c /home/santi/repos/chunchunmaru/Libraries/openal-soft/build/CMakeFiles/CMakeTmp/CheckIncludeFile.c
Linking C executable cmTC_3d1d3
/usr/bin/cmake -E cmake_link_script CMakeFiles/cmTC_3d1d3.dir/link.txt --verbose=1
/usr/bin/cc  -msse2     -rdynamic CMakeFiles/cmTC_3d1d3.dir/CheckIncludeFile.c.o  -o cmTC_3d1d3 
make[2]: Leaving directory '/home/santi/repos/chunchunmaru/Libraries/openal-soft/build/CMakeFiles/CMakeTmp'
make[1]: Leaving directory '/home/santi/repos/chunchunmaru/Libraries/openal-soft/build/CMakeFiles/CMakeTmp'


Determining if the include file pmmintrin.h exists passed with the following output:
Change Dir: /home/santi/repos/chunchunmaru/Libraries/openal-soft/build/CMakeFiles/CMakeTmp

Run Build Command:"/usr/bin/make" "cmTC_bea0d/fast"
make[1]: Entering directory '/home/santi/repos/chunchunmaru/Libraries/openal-soft/build/CMakeFiles/CMakeTmp'
/usr/bin/make -f CMakeFiles/cmTC_bea0d.dir/build.make CMakeFiles/cmTC_bea0d.dir/build
make[2]: Entering directory '/home/santi/repos/chunchunmaru/Libraries/openal-soft/build/CMakeFiles/CMakeTmp'
Building C object CMakeFiles/cmTC_bea0d.dir/CheckIncludeFile.c.o
/usr/bin/cc   -msse3    -o CMakeFiles/cmTC_bea0d.dir/CheckIncludeFile.c.o   -c /home/santi/repos/chunchunmaru/Libraries/openal-soft/build/CMakeFiles/CMakeTmp/CheckIncludeFile.c
Linking C executable cmTC_bea0d
/usr/bin/cmake -E cmake_link_script CMakeFiles/cmTC_bea0d.dir/link.txt --verbose=1
/usr/bin/cc  -msse3     -rdynamic CMakeFiles/cmTC_bea0d.dir/CheckIncludeFile.c.o  -o cmTC_bea0d 
make[2]: Leaving directory '/home/santi/repos/chunchunmaru/Libraries/openal-soft/build/CMakeFiles/CMakeTmp'
make[1]: Leaving directory '/home/santi/repos/chunchunmaru/Libraries/openal-soft/build/CMakeFiles/CMakeTmp'


Determining if the include file smmintrin.h exists passed with the following output:
Change Dir: /home/santi/repos/chunchunmaru/Libraries/openal-soft/build/CMakeFiles/CMakeTmp

Run Build Command:"/usr/bin/make" "cmTC_f933f/fast"
make[1]: Entering directory '/home/santi/repos/chunchunmaru/Libraries/openal-soft/build/CMakeFiles/CMakeTmp'
/usr/bin/make -f CMakeFiles/cmTC_f933f.dir/build.make CMakeFiles/cmTC_f933f.dir/build
make[2]: Entering directory '/home/santi/repos/chunchunmaru/Libraries/openal-soft/build/CMakeFiles/CMakeTmp'
Building C object CMakeFiles/cmTC_f933f.dir/CheckIncludeFile.c.o
/usr/bin/cc   -msse4.1    -o CMakeFiles/cmTC_f933f.dir/CheckIncludeFile.c.o   -c /home/santi/repos/chunchunmaru/Libraries/openal-soft/build/CMakeFiles/CMakeTmp/CheckIncludeFile.c
Linking C executable cmTC_f933f
/usr/bin/cmake -E cmake_link_script CMakeFiles/cmTC_f933f.dir/link.txt --verbose=1
/usr/bin/cc  -msse4.1     -rdynamic CMakeFiles/cmTC_f933f.dir/CheckIncludeFile.c.o  -o cmTC_f933f 
make[2]: Leaving directory '/home/santi/repos/chunchunmaru/Libraries/openal-soft/build/CMakeFiles/CMakeTmp'
make[1]: Leaving directory '/home/santi/repos/chunchunmaru/Libraries/openal-soft/build/CMakeFiles/CMakeTmp'


Performing C SOURCE FILE Test HAVE_SSE_INTRINSICS succeeded with the following output:
Change Dir: /home/santi/repos/chunchunmaru/Libraries/openal-soft/build/CMakeFiles/CMakeTmp

Run Build Command:"/usr/bin/make" "cmTC_474c4/fast"
make[1]: Entering directory '/home/santi/repos/chunchunmaru/Libraries/openal-soft/build/CMakeFiles/CMakeTmp'
/usr/bin/make -f CMakeFiles/cmTC_474c4.dir/build.make CMakeFiles/cmTC_474c4.dir/build
make[2]: Entering directory '/home/santi/repos/chunchunmaru/Libraries/openal-soft/build/CMakeFiles/CMakeTmp'
Building C object CMakeFiles/cmTC_474c4.dir/src.c.o
/usr/bin/cc   -DHAVE_SSE_INTRINSICS   -o CMakeFiles/cmTC_474c4.dir/src.c.o   -c /home/santi/repos/chunchunmaru/Libraries/openal-soft/build/CMakeFiles/CMakeTmp/src.c
Linking C executable cmTC_474c4
/usr/bin/cmake -E cmake_link_script CMakeFiles/cmTC_474c4.dir/link.txt --verbose=1
/usr/bin/cc  -DHAVE_SSE_INTRINSICS    -rdynamic CMakeFiles/cmTC_474c4.dir/src.c.o  -o cmTC_474c4 -latomic 
make[2]: Leaving directory '/home/santi/repos/chunchunmaru/Libraries/openal-soft/build/CMakeFiles/CMakeTmp'
make[1]: Leaving directory '/home/santi/repos/chunchunmaru/Libraries/openal-soft/build/CMakeFiles/CMakeTmp'

Source file was:
#include <emmintrin.h>
                             int main() {_mm_pause(); return 0;}
Performing C SOURCE FILE Test HAVE_GCC_FORMAT succeeded with the following output:
Change Dir: /home/santi/repos/chunchunmaru/Libraries/openal-soft/build/CMakeFiles/CMakeTmp

Run Build Command:"/usr/bin/make" "cmTC_64a1f/fast"
make[1]: Entering directory '/home/santi/repos/chunchunmaru/Libraries/openal-soft/build/CMakeFiles/CMakeTmp'
/usr/bin/make -f CMakeFiles/cmTC_64a1f.dir/build.make CMakeFiles/cmTC_64a1f.dir/build
make[2]: Entering directory '/home/santi/repos/chunchunmaru/Libraries/openal-soft/build/CMakeFiles/CMakeTmp'
Building C object CMakeFiles/cmTC_64a1f.dir/src.c.o
/usr/bin/cc   -DHAVE_GCC_FORMAT   -o CMakeFiles/cmTC_64a1f.dir/src.c.o   -c /home/santi/repos/chunchunmaru/Libraries/openal-soft/build/CMakeFiles/CMakeTmp/src.c
Linking C executable cmTC_64a1f
/usr/bin/cmake -E cmake_link_script CMakeFiles/cmTC_64a1f.dir/link.txt --verbose=1
/usr/bin/cc  -DHAVE_GCC_FORMAT    -rdynamic CMakeFiles/cmTC_64a1f.dir/src.c.o  -o cmTC_64a1f -latomic 
make[2]: Leaving directory '/home/santi/repos/chunchunmaru/Libraries/openal-soft/build/CMakeFiles/CMakeTmp'
make[1]: Leaving directory '/home/santi/repos/chunchunmaru/Libraries/openal-soft/build/CMakeFiles/CMakeTmp'

Source file was:
int foo(const char *str, ...) __attribute__((format(printf, 1, 2)));
                         int main() {return 0;}
Determining if the include file malloc.h exists passed with the following output:
Change Dir: /home/santi/repos/chunchunmaru/Libraries/openal-soft/build/CMakeFiles/CMakeTmp

Run Build Command:"/usr/bin/make" "cmTC_aa9d4/fast"
make[1]: Entering directory '/home/santi/repos/chunchunmaru/Libraries/openal-soft/build/CMakeFiles/CMakeTmp'
/usr/bin/make -f CMakeFiles/cmTC_aa9d4.dir/build.make CMakeFiles/cmTC_aa9d4.dir/build
make[2]: Entering directory '/home/santi/repos/chunchunmaru/Libraries/openal-soft/build/CMakeFiles/CMakeTmp'
Building C object CMakeFiles/cmTC_aa9d4.dir/CheckIncludeFile.c.o
/usr/bin/cc    -o CMakeFiles/cmTC_aa9d4.dir/CheckIncludeFile.c.o   -c /home/santi/repos/chunchunmaru/Libraries/openal-soft/build/CMakeFiles/CMakeTmp/CheckIncludeFile.c
Linking C executable cmTC_aa9d4
/usr/bin/cmake -E cmake_link_script CMakeFiles/cmTC_aa9d4.dir/link.txt --verbose=1
/usr/bin/cc      -rdynamic CMakeFiles/cmTC_aa9d4.dir/CheckIncludeFile.c.o  -o cmTC_aa9d4 
make[2]: Leaving directory '/home/santi/repos/chunchunmaru/Libraries/openal-soft/build/CMakeFiles/CMakeTmp'
make[1]: Leaving directory '/home/santi/repos/chunchunmaru/Libraries/openal-soft/build/CMakeFiles/CMakeTmp'


Determining if the include file dirent.h exists passed with the following output:
Change Dir: /home/santi/repos/chunchunmaru/Libraries/openal-soft/build/CMakeFiles/CMakeTmp

Run Build Command:"/usr/bin/make" "cmTC_d9bce/fast"
make[1]: Entering directory '/home/santi/repos/chunchunmaru/Libraries/openal-soft/build/CMakeFiles/CMakeTmp'
/usr/bin/make -f CMakeFiles/cmTC_d9bce.dir/build.make CMakeFiles/cmTC_d9bce.dir/build
make[2]: Entering directory '/home/santi/repos/chunchunmaru/Libraries/openal-soft/build/CMakeFiles/CMakeTmp'
Building C object CMakeFiles/cmTC_d9bce.dir/CheckIncludeFile.c.o
/usr/bin/cc    -o CMakeFiles/cmTC_d9bce.dir/CheckIncludeFile.c.o   -c /home/santi/repos/chunchunmaru/Libraries/openal-soft/build/CMakeFiles/CMakeTmp/CheckIncludeFile.c
Linking C executable cmTC_d9bce
/usr/bin/cmake -E cmake_link_script CMakeFiles/cmTC_d9bce.dir/link.txt --verbose=1
/usr/bin/cc      -rdynamic CMakeFiles/cmTC_d9bce.dir/CheckIncludeFile.c.o  -o cmTC_d9bce 
make[2]: Leaving directory '/home/santi/repos/chunchunmaru/Libraries/openal-soft/build/CMakeFiles/CMakeTmp'
make[1]: Leaving directory '/home/santi/repos/chunchunmaru/Libraries/openal-soft/build/CMakeFiles/CMakeTmp'


Determining if the include file cpuid.h exists passed with the following output:
Change Dir: /home/santi/repos/chunchunmaru/Libraries/openal-soft/build/CMakeFiles/CMakeTmp

Run Build Command:"/usr/bin/make" "cmTC_51d53/fast"
make[1]: Entering directory '/home/santi/repos/chunchunmaru/Libraries/openal-soft/build/CMakeFiles/CMakeTmp'
/usr/bin/make -f CMakeFiles/cmTC_51d53.dir/build.make CMakeFiles/cmTC_51d53.dir/build
make[2]: Entering directory '/home/santi/repos/chunchunmaru/Libraries/openal-soft/build/CMakeFiles/CMakeTmp'
Building C object CMakeFiles/cmTC_51d53.dir/CheckIncludeFile.c.o
/usr/bin/cc    -o CMakeFiles/cmTC_51d53.dir/CheckIncludeFile.c.o   -c /home/santi/repos/chunchunmaru/Libraries/openal-soft/build/CMakeFiles/CMakeTmp/CheckIncludeFile.c
Linking C executable cmTC_51d53
/usr/bin/cmake -E cmake_link_script CMakeFiles/cmTC_51d53.dir/link.txt --verbose=1
/usr/bin/cc      -rdynamic CMakeFiles/cmTC_51d53.dir/CheckIncludeFile.c.o  -o cmTC_51d53 
make[2]: Leaving directory '/home/santi/repos/chunchunmaru/Libraries/openal-soft/build/CMakeFiles/CMakeTmp'
make[1]: Leaving directory '/home/santi/repos/chunchunmaru/Libraries/openal-soft/build/CMakeFiles/CMakeTmp'


Determining if the function pow exists in the m passed with the following output:
Change Dir: /home/santi/repos/chunchunmaru/Libraries/openal-soft/build/CMakeFiles/CMakeTmp

Run Build Command:"/usr/bin/make" "cmTC_8610c/fast"
make[1]: Entering directory '/home/santi/repos/chunchunmaru/Libraries/openal-soft/build/CMakeFiles/CMakeTmp'
/usr/bin/make -f CMakeFiles/cmTC_8610c.dir/build.make CMakeFiles/cmTC_8610c.dir/build
make[2]: Entering directory '/home/santi/repos/chunchunmaru/Libraries/openal-soft/build/CMakeFiles/CMakeTmp'
Building C object CMakeFiles/cmTC_8610c.dir/CheckFunctionExists.c.o
/usr/bin/cc   -DCHECK_FUNCTION_EXISTS=pow   -o CMakeFiles/cmTC_8610c.dir/CheckFunctionExists.c.o   -c /usr/share/cmake-3.10/Modules/CheckFunctionExists.c
<command-line>:0:23: warning: conflicting types for built-in function pow [-Wbuiltin-declaration-mismatch]
/usr/share/cmake-3.10/Modules/CheckFunctionExists.c:7:3: note: in expansion of macro CHECK_FUNCTION_EXISTS
   CHECK_FUNCTION_EXISTS(void);
   ^~~~~~~~~~~~~~~~~~~~~
Linking C executable cmTC_8610c
/usr/bin/cmake -E cmake_link_script CMakeFiles/cmTC_8610c.dir/link.txt --verbose=1
/usr/bin/cc  -DCHECK_FUNCTION_EXISTS=pow    -rdynamic CMakeFiles/cmTC_8610c.dir/CheckFunctionExists.c.o  -o cmTC_8610c -lm -latomic 
make[2]: Leaving directory '/home/santi/repos/chunchunmaru/Libraries/openal-soft/build/CMakeFiles/CMakeTmp'
make[1]: Leaving directory '/home/santi/repos/chunchunmaru/Libraries/openal-soft/build/CMakeFiles/CMakeTmp'


Determining if the function clock_gettime exists in the rt passed with the following output:
Change Dir: /home/santi/repos/chunchunmaru/Libraries/openal-soft/build/CMakeFiles/CMakeTmp

Run Build Command:"/usr/bin/make" "cmTC_26583/fast"
make[1]: Entering directory '/home/santi/repos/chunchunmaru/Libraries/openal-soft/build/CMakeFiles/CMakeTmp'
/usr/bin/make -f CMakeFiles/cmTC_26583.dir/build.make CMakeFiles/cmTC_26583.dir/build
make[2]: Entering directory '/home/santi/repos/chunchunmaru/Libraries/openal-soft/build/CMakeFiles/CMakeTmp'
Building C object CMakeFiles/cmTC_26583.dir/CheckFunctionExists.c.o
/usr/bin/cc   -DCHECK_FUNCTION_EXISTS=clock_gettime   -o CMakeFiles/cmTC_26583.dir/CheckFunctionExists.c.o   -c /usr/share/cmake-3.10/Modules/CheckFunctionExists.c
Linking C executable cmTC_26583
/usr/bin/cmake -E cmake_link_script CMakeFiles/cmTC_26583.dir/link.txt --verbose=1
/usr/bin/cc  -DCHECK_FUNCTION_EXISTS=clock_gettime    -rdynamic CMakeFiles/cmTC_26583.dir/CheckFunctionExists.c.o  -o cmTC_26583 -lrt -latomic -lm 
make[2]: Leaving directory '/home/santi/repos/chunchunmaru/Libraries/openal-soft/build/CMakeFiles/CMakeTmp'
make[1]: Leaving directory '/home/santi/repos/chunchunmaru/Libraries/openal-soft/build/CMakeFiles/CMakeTmp'


Determining if the include file dlfcn.h exists passed with the following output:
Change Dir: /home/santi/repos/chunchunmaru/Libraries/openal-soft/build/CMakeFiles/CMakeTmp

Run Build Command:"/usr/bin/make" "cmTC_6e427/fast"
make[1]: Entering directory '/home/santi/repos/chunchunmaru/Libraries/openal-soft/build/CMakeFiles/CMakeTmp'
/usr/bin/make -f CMakeFiles/cmTC_6e427.dir/build.make CMakeFiles/cmTC_6e427.dir/build
make[2]: Entering directory '/home/santi/repos/chunchunmaru/Libraries/openal-soft/build/CMakeFiles/CMakeTmp'
Building C object CMakeFiles/cmTC_6e427.dir/CheckIncludeFile.c.o
/usr/bin/cc    -o CMakeFiles/cmTC_6e427.dir/CheckIncludeFile.c.o   -c /home/santi/repos/chunchunmaru/Libraries/openal-soft/build/CMakeFiles/CMakeTmp/CheckIncludeFile.c
Linking C executable cmTC_6e427
/usr/bin/cmake -E cmake_link_script CMakeFiles/cmTC_6e427.dir/link.txt --verbose=1
/usr/bin/cc      -rdynamic CMakeFiles/cmTC_6e427.dir/CheckIncludeFile.c.o  -o cmTC_6e427 
make[2]: Leaving directory '/home/santi/repos/chunchunmaru/Libraries/openal-soft/build/CMakeFiles/CMakeTmp'
make[1]: Leaving directory '/home/santi/repos/chunchunmaru/Libraries/openal-soft/build/CMakeFiles/CMakeTmp'


Determining if the function dlopen exists in the dl passed with the following output:
Change Dir: /home/santi/repos/chunchunmaru/Libraries/openal-soft/build/CMakeFiles/CMakeTmp

Run Build Command:"/usr/bin/make" "cmTC_6245d/fast"
make[1]: Entering directory '/home/santi/repos/chunchunmaru/Libraries/openal-soft/build/CMakeFiles/CMakeTmp'
/usr/bin/make -f CMakeFiles/cmTC_6245d.dir/build.make CMakeFiles/cmTC_6245d.dir/build
make[2]: Entering directory '/home/santi/repos/chunchunmaru/Libraries/openal-soft/build/CMakeFiles/CMakeTmp'
Building C object CMakeFiles/cmTC_6245d.dir/CheckFunctionExists.c.o
/usr/bin/cc   -DCHECK_FUNCTION_EXISTS=dlopen   -o CMakeFiles/cmTC_6245d.dir/CheckFunctionExists.c.o   -c /usr/share/cmake-3.10/Modules/CheckFunctionExists.c
Linking C executable cmTC_6245d
/usr/bin/cmake -E cmake_link_script CMakeFiles/cmTC_6245d.dir/link.txt --verbose=1
/usr/bin/cc  -DCHECK_FUNCTION_EXISTS=dlopen    -rdynamic CMakeFiles/cmTC_6245d.dir/CheckFunctionExists.c.o  -o cmTC_6245d -ldl -latomic -lm 
make[2]: Leaving directory '/home/santi/repos/chunchunmaru/Libraries/openal-soft/build/CMakeFiles/CMakeTmp'
make[1]: Leaving directory '/home/santi/repos/chunchunmaru/Libraries/openal-soft/build/CMakeFiles/CMakeTmp'


Performing C SOURCE FILE Test HAVE_GCC_GET_CPUID succeeded with the following output:
Change Dir: /home/santi/repos/chunchunmaru/Libraries/openal-soft/build/CMakeFiles/CMakeTmp

Run Build Command:"/usr/bin/make" "cmTC_0fb1d/fast"
make[1]: Entering directory '/home/santi/repos/chunchunmaru/Libraries/openal-soft/build/CMakeFiles/CMakeTmp'
/usr/bin/make -f CMakeFiles/cmTC_0fb1d.dir/build.make CMakeFiles/cmTC_0fb1d.dir/build
make[2]: Entering directory '/home/santi/repos/chunchunmaru/Libraries/openal-soft/build/CMakeFiles/CMakeTmp'
Building C object CMakeFiles/cmTC_0fb1d.dir/src.c.o
/usr/bin/cc   -DHAVE_GCC_GET_CPUID   -o CMakeFiles/cmTC_0fb1d.dir/src.c.o   -c /home/santi/repos/chunchunmaru/Libraries/openal-soft/build/CMakeFiles/CMakeTmp/src.c
Linking C executable cmTC_0fb1d
/usr/bin/cmake -E cmake_link_script CMakeFiles/cmTC_0fb1d.dir/link.txt --verbose=1
/usr/bin/cc  -DHAVE_GCC_GET_CPUID    -rdynamic CMakeFiles/cmTC_0fb1d.dir/src.c.o  -o cmTC_0fb1d -latomic -lm -ldl 
make[2]: Leaving directory '/home/santi/repos/chunchunmaru/Libraries/openal-soft/build/CMakeFiles/CMakeTmp'
make[1]: Leaving directory '/home/santi/repos/chunchunmaru/Libraries/openal-soft/build/CMakeFiles/CMakeTmp'

Source file was:
#include <cpuid.h>
        int main()
        {
            unsigned int eax, ebx, ecx, edx;
            return __get_cpuid(0, &eax, &ebx, &ecx, &edx);
        }
Determining if the posix_memalign exist passed with the following output:
Change Dir: /home/santi/repos/chunchunmaru/Libraries/openal-soft/build/CMakeFiles/CMakeTmp

Run Build Command:"/usr/bin/make" "cmTC_da618/fast"
make[1]: Entering directory '/home/santi/repos/chunchunmaru/Libraries/openal-soft/build/CMakeFiles/CMakeTmp'
/usr/bin/make -f CMakeFiles/cmTC_da618.dir/build.make CMakeFiles/cmTC_da618.dir/build
make[2]: Entering directory '/home/santi/repos/chunchunmaru/Libraries/openal-soft/build/CMakeFiles/CMakeTmp'
Building C object CMakeFiles/cmTC_da618.dir/CheckSymbolExists.c.o
/usr/bin/cc    -o CMakeFiles/cmTC_da618.dir/CheckSymbolExists.c.o   -c /home/santi/repos/chunchunmaru/Libraries/openal-soft/build/CMakeFiles/CMakeTmp/CheckSymbolExists.c
Linking C executable cmTC_da618
/usr/bin/cmake -E cmake_link_script CMakeFiles/cmTC_da618.dir/link.txt --verbose=1
/usr/bin/cc      -rdynamic CMakeFiles/cmTC_da618.dir/CheckSymbolExists.c.o  -o cmTC_da618 -latomic -lm -ldl 
make[2]: Leaving directory '/home/santi/repos/chunchunmaru/Libraries/openal-soft/build/CMakeFiles/CMakeTmp'
make[1]: Leaving directory '/home/santi/repos/chunchunmaru/Libraries/openal-soft/build/CMakeFiles/CMakeTmp'

File /home/santi/repos/chunchunmaru/Libraries/openal-soft/build/CMakeFiles/CMakeTmp/CheckSymbolExists.c:
/* */
#include <stdlib.h>

int main(int argc, char** argv)
{
  (void)argv;
#ifndef posix_memalign
  return ((int*)(&posix_memalign))[argc];
#else
  (void)argc;
  return 0;
#endif
}

Determining if the function stat exists passed with the following output:
Change Dir: /home/santi/repos/chunchunmaru/Libraries/openal-soft/build/CMakeFiles/CMakeTmp

Run Build Command:"/usr/bin/make" "cmTC_52981/fast"
make[1]: Entering directory '/home/santi/repos/chunchunmaru/Libraries/openal-soft/build/CMakeFiles/CMakeTmp'
/usr/bin/make -f CMakeFiles/cmTC_52981.dir/build.make CMakeFiles/cmTC_52981.dir/build
make[2]: Entering directory '/home/santi/repos/chunchunmaru/Libraries/openal-soft/build/CMakeFiles/CMakeTmp'
Building C object CMakeFiles/cmTC_52981.dir/CheckFunctionExists.c.o
/usr/bin/cc   -DCHECK_FUNCTION_EXISTS=stat   -o CMakeFiles/cmTC_52981.dir/CheckFunctionExists.c.o   -c /usr/share/cmake-3.10/Modules/CheckFunctionExists.c
Linking C executable cmTC_52981
/usr/bin/cmake -E cmake_link_script CMakeFiles/cmTC_52981.dir/link.txt --verbose=1
/usr/bin/cc  -DCHECK_FUNCTION_EXISTS=stat    -rdynamic CMakeFiles/cmTC_52981.dir/CheckFunctionExists.c.o  -o cmTC_52981 -latomic -lm -ldl 
make[2]: Leaving directory '/home/santi/repos/chunchunmaru/Libraries/openal-soft/build/CMakeFiles/CMakeTmp'
make[1]: Leaving directory '/home/santi/repos/chunchunmaru/Libraries/openal-soft/build/CMakeFiles/CMakeTmp'


Determining if the include file pthread.h exists passed with the following output:
Change Dir: /home/santi/repos/chunchunmaru/Libraries/openal-soft/build/CMakeFiles/CMakeTmp

Run Build Command:"/usr/bin/make" "cmTC_26d11/fast"
make[1]: Entering directory '/home/santi/repos/chunchunmaru/Libraries/openal-soft/build/CMakeFiles/CMakeTmp'
/usr/bin/make -f CMakeFiles/cmTC_26d11.dir/build.make CMakeFiles/cmTC_26d11.dir/build
make[2]: Entering directory '/home/santi/repos/chunchunmaru/Libraries/openal-soft/build/CMakeFiles/CMakeTmp'
Building C object CMakeFiles/cmTC_26d11.dir/CheckIncludeFile.c.o
/usr/bin/cc    -o CMakeFiles/cmTC_26d11.dir/CheckIncludeFile.c.o   -c /home/santi/repos/chunchunmaru/Libraries/openal-soft/build/CMakeFiles/CMakeTmp/CheckIncludeFile.c
Linking C executable cmTC_26d11
/usr/bin/cmake -E cmake_link_script CMakeFiles/cmTC_26d11.dir/link.txt --verbose=1
/usr/bin/cc      -rdynamic CMakeFiles/cmTC_26d11.dir/CheckIncludeFile.c.o  -o cmTC_26d11 
make[2]: Leaving directory '/home/santi/repos/chunchunmaru/Libraries/openal-soft/build/CMakeFiles/CMakeTmp'
make[1]: Leaving directory '/home/santi/repos/chunchunmaru/Libraries/openal-soft/build/CMakeFiles/CMakeTmp'


Performing C SOURCE FILE Test HAVE_PTHREAD succeeded with the following output:
Change Dir: /home/santi/repos/chunchunmaru/Libraries/openal-soft/build/CMakeFiles/CMakeTmp

Run Build Command:"/usr/bin/make" "cmTC_e5310/fast"
make[1]: Entering directory '/home/santi/repos/chunchunmaru/Libraries/openal-soft/build/CMakeFiles/CMakeTmp'
/usr/bin/make -f CMakeFiles/cmTC_e5310.dir/build.make CMakeFiles/cmTC_e5310.dir/build
make[2]: Entering directory '/home/santi/repos/chunchunmaru/Libraries/openal-soft/build/CMakeFiles/CMakeTmp'
Building C object CMakeFiles/cmTC_e5310.dir/src.c.o
/usr/bin/cc   -DHAVE_PTHREAD   -pthread -o CMakeFiles/cmTC_e5310.dir/src.c.o   -c /home/santi/repos/chunchunmaru/Libraries/openal-soft/build/CMakeFiles/CMakeTmp/src.c
Linking C executable cmTC_e5310
/usr/bin/cmake -E cmake_link_script CMakeFiles/cmTC_e5310.dir/link.txt --verbose=1
/usr/bin/cc  -DHAVE_PTHREAD    -rdynamic CMakeFiles/cmTC_e5310.dir/src.c.o  -o cmTC_e5310 -latomic -lm -ldl 
make[2]: Leaving directory '/home/santi/repos/chunchunmaru/Libraries/openal-soft/build/CMakeFiles/CMakeTmp'
make[1]: Leaving directory '/home/santi/repos/chunchunmaru/Libraries/openal-soft/build/CMakeFiles/CMakeTmp'

Source file was:
int main(void) { return 0; }
Determining if the function pthread_create exists in the pthread passed with the following output:
Change Dir: /home/santi/repos/chunchunmaru/Libraries/openal-soft/build/CMakeFiles/CMakeTmp

Run Build Command:"/usr/bin/make" "cmTC_4c68b/fast"
make[1]: Entering directory '/home/santi/repos/chunchunmaru/Libraries/openal-soft/build/CMakeFiles/CMakeTmp'
/usr/bin/make -f CMakeFiles/cmTC_4c68b.dir/build.make CMakeFiles/cmTC_4c68b.dir/build
make[2]: Entering directory '/home/santi/repos/chunchunmaru/Libraries/openal-soft/build/CMakeFiles/CMakeTmp'
Building C object CMakeFiles/cmTC_4c68b.dir/CheckFunctionExists.c.o
/usr/bin/cc   -DCHECK_FUNCTION_EXISTS=pthread_create  -pthread   -o CMakeFiles/cmTC_4c68b.dir/CheckFunctionExists.c.o   -c /usr/share/cmake-3.10/Modules/CheckFunctionExists.c
Linking C executable cmTC_4c68b
/usr/bin/cmake -E cmake_link_script CMakeFiles/cmTC_4c68b.dir/link.txt --verbose=1
/usr/bin/cc  -DCHECK_FUNCTION_EXISTS=pthread_create  -pthread    -rdynamic CMakeFiles/cmTC_4c68b.dir/CheckFunctionExists.c.o  -o cmTC_4c68b -lpthread -latomic -lm -ldl 
make[2]: Leaving directory '/home/santi/repos/chunchunmaru/Libraries/openal-soft/build/CMakeFiles/CMakeTmp'
make[1]: Leaving directory '/home/santi/repos/chunchunmaru/Libraries/openal-soft/build/CMakeFiles/CMakeTmp'


Determining if the pthread_setschedparam exist passed with the following output:
Change Dir: /home/santi/repos/chunchunmaru/Libraries/openal-soft/build/CMakeFiles/CMakeTmp

Run Build Command:"/usr/bin/make" "cmTC_cf1b0/fast"
make[1]: Entering directory '/home/santi/repos/chunchunmaru/Libraries/openal-soft/build/CMakeFiles/CMakeTmp'
/usr/bin/make -f CMakeFiles/cmTC_cf1b0.dir/build.make CMakeFiles/cmTC_cf1b0.dir/build
make[2]: Entering directory '/home/santi/repos/chunchunmaru/Libraries/openal-soft/build/CMakeFiles/CMakeTmp'
Building C object CMakeFiles/cmTC_cf1b0.dir/CheckSymbolExists.c.o
/usr/bin/cc   -pthread   -o CMakeFiles/cmTC_cf1b0.dir/CheckSymbolExists.c.o   -c /home/santi/repos/chunchunmaru/Libraries/openal-soft/build/CMakeFiles/CMakeTmp/CheckSymbolExists.c
Linking C executable cmTC_cf1b0
/usr/bin/cmake -E cmake_link_script CMakeFiles/cmTC_cf1b0.dir/link.txt --verbose=1
/usr/bin/cc   -pthread    -rdynamic CMakeFiles/cmTC_cf1b0.dir/CheckSymbolExists.c.o  -o cmTC_cf1b0 -latomic -lm -ldl 
make[2]: Leaving directory '/home/santi/repos/chunchunmaru/Libraries/openal-soft/build/CMakeFiles/CMakeTmp'
make[1]: Leaving directory '/home/santi/repos/chunchunmaru/Libraries/openal-soft/build/CMakeFiles/CMakeTmp'

File /home/santi/repos/chunchunmaru/Libraries/openal-soft/build/CMakeFiles/CMakeTmp/CheckSymbolExists.c:
/* */
#include <pthread.h>

int main(int argc, char** argv)
{
  (void)argv;
#ifndef pthread_setschedparam
  return ((int*)(&pthread_setschedparam))[argc];
#else
  (void)argc;
  return 0;
#endif
}

Determining if the getopt exist passed with the following output:
Change Dir: /home/santi/repos/chunchunmaru/Libraries/openal-soft/build/CMakeFiles/CMakeTmp

Run Build Command:"/usr/bin/make" "cmTC_fd25c/fast"
make[1]: Entering directory '/home/santi/repos/chunchunmaru/Libraries/openal-soft/build/CMakeFiles/CMakeTmp'
/usr/bin/make -f CMakeFiles/cmTC_fd25c.dir/build.make CMakeFiles/cmTC_fd25c.dir/build
make[2]: Entering directory '/home/santi/repos/chunchunmaru/Libraries/openal-soft/build/CMakeFiles/CMakeTmp'
Building C object CMakeFiles/cmTC_fd25c.dir/CheckSymbolExists.c.o
/usr/bin/cc   -pthread   -o CMakeFiles/cmTC_fd25c.dir/CheckSymbolExists.c.o   -c /home/santi/repos/chunchunmaru/Libraries/openal-soft/build/CMakeFiles/CMakeTmp/CheckSymbolExists.c
Linking C executable cmTC_fd25c
/usr/bin/cmake -E cmake_link_script CMakeFiles/cmTC_fd25c.dir/link.txt --verbose=1
/usr/bin/cc   -pthread    -rdynamic CMakeFiles/cmTC_fd25c.dir/CheckSymbolExists.c.o  -o cmTC_fd25c -latomic -lm -ldl 
make[2]: Leaving directory '/home/santi/repos/chunchunmaru/Libraries/openal-soft/build/CMakeFiles/CMakeTmp'
make[1]: Leaving directory '/home/santi/repos/chunchunmaru/Libraries/openal-soft/build/CMakeFiles/CMakeTmp'

File /home/santi/repos/chunchunmaru/Libraries/openal-soft/build/CMakeFiles/CMakeTmp/CheckSymbolExists.c:
/* */
#include <unistd.h>

int main(int argc, char** argv)
{
  (void)argv;
#ifndef getopt
  return ((int*)(&getopt))[argc];
#else
  (void)argc;
  return 0;
#endif
}

Determining if the include file pthread.h exists passed with the following output:
Change Dir: /home/santi/repos/chunchunmaru/Libraries/openal-soft/build/CMakeFiles/CMakeTmp

Run Build Command:"/usr/bin/make" "cmTC_2ab9f/fast"
make[1]: Entering directory '/home/santi/repos/chunchunmaru/Libraries/openal-soft/build/CMakeFiles/CMakeTmp'
/usr/bin/make -f CMakeFiles/cmTC_2ab9f.dir/build.make CMakeFiles/cmTC_2ab9f.dir/build
make[2]: Entering directory '/home/santi/repos/chunchunmaru/Libraries/openal-soft/build/CMakeFiles/CMakeTmp'
Building C object CMakeFiles/cmTC_2ab9f.dir/CheckIncludeFile.c.o
/usr/bin/cc   -pthread   -o CMakeFiles/cmTC_2ab9f.dir/CheckIncludeFile.c.o   -c /home/santi/repos/chunchunmaru/Libraries/openal-soft/build/CMakeFiles/CMakeTmp/CheckIncludeFile.c
Linking C executable cmTC_2ab9f
/usr/bin/cmake -E cmake_link_script CMakeFiles/cmTC_2ab9f.dir/link.txt --verbose=1
/usr/bin/cc   -pthread    -rdynamic CMakeFiles/cmTC_2ab9f.dir/CheckIncludeFile.c.o  -o cmTC_2ab9f 
make[2]: Leaving directory '/home/santi/repos/chunchunmaru/Libraries/openal-soft/build/CMakeFiles/CMakeTmp'
make[1]: Leaving directory '/home/santi/repos/chunchunmaru/Libraries/openal-soft/build/CMakeFiles/CMakeTmp'


Determining if the pthread_create exist passed with the following output:
Change Dir: /home/santi/repos/chunchunmaru/Libraries/openal-soft/build/CMakeFiles/CMakeTmp

Run Build Command:"/usr/bin/make" "cmTC_eb117/fast"
make[1]: Entering directory '/home/santi/repos/chunchunmaru/Libraries/openal-soft/build/CMakeFiles/CMakeTmp'
/usr/bin/make -f CMakeFiles/cmTC_eb117.dir/build.make CMakeFiles/cmTC_eb117.dir/build
make[2]: Entering directory '/home/santi/repos/chunchunmaru/Libraries/openal-soft/build/CMakeFiles/CMakeTmp'
Building C object CMakeFiles/cmTC_eb117.dir/CheckSymbolExists.c.o
/usr/bin/cc   -pthread   -o CMakeFiles/cmTC_eb117.dir/CheckSymbolExists.c.o   -c /home/santi/repos/chunchunmaru/Libraries/openal-soft/build/CMakeFiles/CMakeTmp/CheckSymbolExists.c
Linking C executable cmTC_eb117
/usr/bin/cmake -E cmake_link_script CMakeFiles/cmTC_eb117.dir/link.txt --verbose=1
/usr/bin/cc   -pthread    -rdynamic CMakeFiles/cmTC_eb117.dir/CheckSymbolExists.c.o  -o cmTC_eb117 -latomic -lm -ldl 
make[2]: Leaving directory '/home/santi/repos/chunchunmaru/Libraries/openal-soft/build/CMakeFiles/CMakeTmp'
make[1]: Leaving directory '/home/santi/repos/chunchunmaru/Libraries/openal-soft/build/CMakeFiles/CMakeTmp'

File /home/santi/repos/chunchunmaru/Libraries/openal-soft/build/CMakeFiles/CMakeTmp/CheckSymbolExists.c:
/* */
#include <pthread.h>

int main(int argc, char** argv)
{
  (void)argv;
#ifndef pthread_create
  return ((int*)(&pthread_create))[argc];
#else
  (void)argc;
  return 0;
#endif
}

